2020-08-14T10:04:26.659073Z 0 [System] [MY-013169] [Server] F:\Soft\mysql0\mysql-8.0.21-winx64\bin\mysqld (mysqld 8.0.21) initializing of server in progress as process 2316
2020-08-14T10:04:26.871700Z 1 [System] [MY-013576] [InnoDB] InnoDB initialization has started.
2020-08-14T10:04:40.252996Z 1 [System] [MY-013577] [InnoDB] InnoDB initialization has ended.
2020-08-14T10:05:04.562662Z 6 [Warning] [MY-010453] [Server] root@localhost is created with an empty password ! Please consider switching off the --initialize-insecure option.
2020-08-14T10:20:03.940244Z 0 [System] [MY-013169] [Server] F:\Soft\mysql0\mysql-8.0.21-winx64\bin\mysqld (mysqld 8.0.21) initializing of server in progress as process 6964
2020-08-14T10:20:03.947241Z 0 [ERROR] [MY-010457] [Server] --initialize specified but the data directory has files in it. Aborting.
2020-08-14T10:20:03.948002Z 0 [ERROR] [MY-013236] [Server] The designated data directory F:\Soft\mysql0\mysql-8.0.21-winx64\data\ is unusable. You can remove all files that the server added to it.
2020-08-14T10:20:03.958680Z 0 [ERROR] [MY-010119] [Server] Aborting
2020-08-14T10:20:03.960307Z 0 [System] [MY-010910] [Server] F:\Soft\mysql0\mysql-8.0.21-winx64\bin\mysqld: Shutdown complete (mysqld 8.0.21)  MySQL Community Server - GPL.
2020-08-14T10:20:51.508880Z 0 [System] [MY-013169] [Server] F:\Soft\mysql0\mysql-8.0.21-winx64\bin\mysqld (mysqld 8.0.21) initializing of server in progress as process 3520
2020-08-14T10:20:51.515045Z 0 [ERROR] [MY-010457] [Server] --initialize specified but the data directory has files in it. Aborting.
2020-08-14T10:20:51.515591Z 0 [ERROR] [MY-013236] [Server] The designated data directory F:\Soft\mysql0\mysql-8.0.21-winx64\data\ is unusable. You can remove all files that the server added to it.
2020-08-14T10:20:51.524429Z 0 [ERROR] [MY-010119] [Server] Aborting
2020-08-14T10:20:51.526075Z 0 [System] [MY-010910] [Server] F:\Soft\mysql0\mysql-8.0.21-winx64\bin\mysqld: Shutdown complete (mysqld 8.0.21)  MySQL Community Server - GPL.
2020-08-14T10:29:35.093760Z 0 [System] [MY-013169] [Server] F:\Soft\mysql0\mysql-8.0.21-winx64\bin\mysqld (mysqld 8.0.21) initializing of server in progress as process 8328
2020-08-14T10:29:35.100140Z 0 [ERROR] [MY-010457] [Server] --initialize specified but the data directory has files in it. Aborting.
2020-08-14T10:29:35.100688Z 0 [ERROR] [MY-013236] [Server] The designated data directory F:\Soft\mysql0\mysql-8.0.21-winx64\data\ is unusable. You can remove all files that the server added to it.
2020-08-14T10:29:35.109632Z 0 [ERROR] [MY-010119] [Server] Aborting
2020-08-14T10:29:35.111221Z 0 [System] [MY-010910] [Server] F:\Soft\mysql0\mysql-8.0.21-winx64\bin\mysqld: Shutdown complete (mysqld 8.0.21)  MySQL Community Server - GPL.
2020-08-14T11:29:50.331679Z 0 [System] [MY-013169] [Server] F:\Soft\mysql0\mysql-8.0.21-winx64\bin\mysqld (mysqld 8.0.21) initializing of server in progress as process 956
2020-08-14T11:29:50.337993Z 0 [ERROR] [MY-010457] [Server] --initialize specified but the data directory has files in it. Aborting.
2020-08-14T11:29:50.339415Z 0 [ERROR] [MY-013236] [Server] The designated data directory F:\Soft\mysql0\mysql-8.0.21-winx64\data\ is unusable. You can remove all files that the server added to it.
2020-08-14T11:29:50.401920Z 0 [ERROR] [MY-010119] [Server] Aborting
2020-08-14T11:29:50.405154Z 0 [System] [MY-010910] [Server] F:\Soft\mysql0\mysql-8.0.21-winx64\bin\mysqld: Shutdown complete (mysqld 8.0.21)  MySQL Community Server - GPL.
2020-08-15T08:15:16.258400Z 0 [System] [MY-013169] [Server] F:\Soft\mysql0\mysql-8.0.21-winx64\bin\mysqld (mysqld 8.0.21) initializing of server in progress as process 8248
2020-08-15T08:15:16.304132Z 0 [ERROR] [MY-010457] [Server] --initialize specified but the data directory has files in it. Aborting.
2020-08-15T08:15:16.305669Z 0 [ERROR] [MY-013236] [Server] The designated data directory F:\Soft\mysql0\mysql-8.0.21-winx64\data\ is unusable. You can remove all files that the server added to it.
2020-08-15T08:15:16.366659Z 0 [ERROR] [MY-010119] [Server] Aborting
2020-08-15T08:15:16.370075Z 0 [System] [MY-010910] [Server] F:\Soft\mysql0\mysql-8.0.21-winx64\bin\mysqld: Shutdown complete (mysqld 8.0.21)  MySQL Community Server - GPL.
2020-08-17T08:49:41.483133Z 0 [System] [MY-013169] [Server] F:\Soft\mysql0\mysql-8.0.21-winx64\bin\mysqld (mysqld 8.0.21) initializing of server in progress as process 7724
2020-08-17T08:49:41.490605Z 0 [ERROR] [MY-010457] [Server] --initialize specified but the data directory has files in it. Aborting.
2020-08-17T08:49:41.491214Z 0 [ERROR] [MY-013236] [Server] The designated data directory F:\Soft\mysql0\mysql-8.0.21-winx64\data\ is unusable. You can remove all files that the server added to it.
2020-08-17T08:49:41.500326Z 0 [ERROR] [MY-010119] [Server] Aborting
2020-08-17T08:49:41.502034Z 0 [System] [MY-010910] [Server] F:\Soft\mysql0\mysql-8.0.21-winx64\bin\mysqld: Shutdown complete (mysqld 8.0.21)  MySQL Community Server - GPL.
2020-08-18T10:29:06.201941Z 0 [System] [MY-013169] [Server] F:\Soft\mysql0\mysql-8.0.21-winx64\bin\mysqld (mysqld 8.0.21) initializing of server in progress as process 5312
2020-08-18T10:29:06.208258Z 0 [ERROR] [MY-010457] [Server] --initialize specified but the data directory has files in it. Aborting.
2020-08-18T10:29:06.208785Z 0 [ERROR] [MY-013236] [Server] The designated data directory F:\Soft\mysql0\mysql-8.0.21-winx64\data\ is unusable. You can remove all files that the server added to it.
2020-08-18T10:29:06.217756Z 0 [ERROR] [MY-010119] [Server] Aborting
2020-08-18T10:29:06.219374Z 0 [System] [MY-010910] [Server] F:\Soft\mysql0\mysql-8.0.21-winx64\bin\mysqld: Shutdown complete (mysqld 8.0.21)  MySQL Community Server - GPL.
2020-08-18T10:29:46.262068Z 0 [System] [MY-013169] [Server] F:\Soft\mysql0\mysql-8.0.21-winx64\bin\mysqld (mysqld 8.0.21) initializing of server in progress as process 3868
2020-08-18T10:29:46.268468Z 0 [ERROR] [MY-010457] [Server] --initialize specified but the data directory has files in it. Aborting.
2020-08-18T10:29:46.269026Z 0 [ERROR] [MY-013236] [Server] The designated data directory F:\Soft\mysql0\mysql-8.0.21-winx64\data\ is unusable. You can remove all files that the server added to it.
2020-08-18T10:29:46.277957Z 0 [ERROR] [MY-010119] [Server] Aborting
2020-08-18T10:29:46.279555Z 0 [System] [MY-010910] [Server] F:\Soft\mysql0\mysql-8.0.21-winx64\bin\mysqld: Shutdown complete (mysqld 8.0.21)  MySQL Community Server - GPL.
2020-08-18T10:31:51.304522Z 0 [System] [MY-013169] [Server] F:\Soft\mysql0\mysql-8.0.21-winx64\bin\mysqld (mysqld 8.0.21) initializing of server in progress as process 5468
2020-08-18T10:31:51.310623Z 0 [ERROR] [MY-010457] [Server] --initialize specified but the data directory has files in it. Aborting.
2020-08-18T10:31:51.311152Z 0 [ERROR] [MY-013236] [Server] The designated data directory F:\Soft\mysql0\mysql-8.0.21-winx64\data\ is unusable. You can remove all files that the server added to it.
2020-08-18T10:31:51.320432Z 0 [ERROR] [MY-010119] [Server] Aborting
2020-08-18T10:31:51.322041Z 0 [System] [MY-010910] [Server] F:\Soft\mysql0\mysql-8.0.21-winx64\bin\mysqld: Shutdown complete (mysqld 8.0.21)  MySQL Community Server - GPL.
2020-08-18T10:44:30.878853Z 0 [System] [MY-013169] [Server] F:\Soft\mysql0\mysql-8.0.21-winx64\bin\mysqld (mysqld 8.0.21) initializing of server in progress as process 7680
2020-08-18T10:44:30.885749Z 0 [ERROR] [MY-010457] [Server] --initialize specified but the data directory has files in it. Aborting.
2020-08-18T10:44:30.886298Z 0 [ERROR] [MY-013236] [Server] The designated data directory F:\Soft\mysql0\mysql-8.0.21-winx64\data\ is unusable. You can remove all files that the server added to it.
2020-08-18T10:44:30.895495Z 0 [ERROR] [MY-010119] [Server] Aborting
2020-08-18T10:44:30.897210Z 0 [System] [MY-010910] [Server] F:\Soft\mysql0\mysql-8.0.21-winx64\bin\mysqld: Shutdown complete (mysqld 8.0.21)  MySQL Community Server - GPL.
2020-08-18T10:51:02.010273Z 0 [System] [MY-013169] [Server] F:\Soft\mysql0\mysql-8.0.21-winx64\bin\mysqld (mysqld 8.0.21) initializing of server in progress as process 6320
2020-08-18T10:51:02.016758Z 0 [ERROR] [MY-010457] [Server] --initialize specified but the data directory has files in it. Aborting.
2020-08-18T10:51:02.017317Z 0 [ERROR] [MY-013236] [Server] The designated data directory F:\Soft\mysql0\mysql-8.0.21-winx64\data\ is unusable. You can remove all files that the server added to it.
2020-08-18T10:51:02.027773Z 0 [ERROR] [MY-010119] [Server] Aborting
2020-08-18T10:51:02.029392Z 0 [System] [MY-010910] [Server] F:\Soft\mysql0\mysql-8.0.21-winx64\bin\mysqld: Shutdown complete (mysqld 8.0.21)  MySQL Community Server - GPL.
2020-08-18T10:53:18.777179Z 0 [System] [MY-013169] [Server] F:\Soft\mysql0\mysql-8.0.21-winx64\bin\mysqld (mysqld 8.0.21) initializing of server in progress as process 5708
2020-08-18T10:53:18.783915Z 0 [ERROR] [MY-010457] [Server] --initialize specified but the data directory has files in it. Aborting.
2020-08-18T10:53:18.784512Z 0 [ERROR] [MY-013236] [Server] The designated data directory F:\Soft\mysql0\mysql-8.0.21-winx64\data\ is unusable. You can remove all files that the server added to it.
2020-08-18T10:53:18.793379Z 0 [ERROR] [MY-010119] [Server] Aborting
2020-08-18T10:53:18.794972Z 0 [System] [MY-010910] [Server] F:\Soft\mysql0\mysql-8.0.21-winx64\bin\mysqld: Shutdown complete (mysqld 8.0.21)  MySQL Community Server - GPL.
2020-08-18T13:57:34.770723Z 0 [System] [MY-013169] [Server] F:\Soft\mySQL-w10\mysql-8.0.21-winx64\bin\mysqld (mysqld 8.0.21) initializing of server in progress as process 9136
2020-08-18T13:57:34.833850Z 0 [ERROR] [MY-010457] [Server] --initialize specified but the data directory has files in it. Aborting.
2020-08-18T13:57:34.835414Z 0 [ERROR] [MY-013236] [Server] The designated data directory F:\Soft\mySQL-w10\mysql-8.0.21-winx64\data\ is unusable. You can remove all files that the server added to it.
2020-08-18T13:57:34.844412Z 0 [ERROR] [MY-010119] [Server] Aborting
2020-08-18T13:57:34.846616Z 0 [System] [MY-010910] [Server] F:\Soft\mySQL-w10\mysql-8.0.21-winx64\bin\mysqld: Shutdown complete (mysqld 8.0.21)  MySQL Community Server - GPL.
2020-08-18T14:02:53.787198Z 0 [System] [MY-013169] [Server] F:\Soft\mySQL-w10\mysql-8.0.21-winx64\bin\mysqld (mysqld 8.0.21) initializing of server in progress as process 10116
2020-08-18T14:02:53.793783Z 0 [ERROR] [MY-010457] [Server] --initialize specified but the data directory has files in it. Aborting.
2020-08-18T14:02:53.794338Z 0 [ERROR] [MY-013236] [Server] The designated data directory F:\Soft\mySQL-w10\mysql-8.0.21-winx64\data\ is unusable. You can remove all files that the server added to it.
2020-08-18T14:02:53.803530Z 0 [ERROR] [MY-010119] [Server] Aborting
2020-08-18T14:02:53.805145Z 0 [System] [MY-010910] [Server] F:\Soft\mySQL-w10\mysql-8.0.21-winx64\bin\mysqld: Shutdown complete (mysqld 8.0.21)  MySQL Community Server - GPL.
2020-08-21T08:15:52.559272Z 0 [System] [MY-013169] [Server] F:\Soft\mySQL-w10\mysql-8.0.21-winx64\bin\mysqld (mysqld 8.0.21) initializing of server in progress as process 9400
2020-08-21T08:15:52.567523Z 0 [ERROR] [MY-010457] [Server] --initialize specified but the data directory has files in it. Aborting.
2020-08-21T08:15:52.568119Z 0 [ERROR] [MY-013236] [Server] The designated data directory F:\Soft\mySQL-w10\mysql-8.0.21-winx64\data\ is unusable. You can remove all files that the server added to it.
2020-08-21T08:15:52.577230Z 0 [ERROR] [MY-010119] [Server] Aborting
2020-08-21T08:15:52.578854Z 0 [System] [MY-010910] [Server] F:\Soft\mySQL-w10\mysql-8.0.21-winx64\bin\mysqld: Shutdown complete (mysqld 8.0.21)  MySQL Community Server - GPL.
2020-08-24T09:12:55.508802Z 0 [System] [MY-013169] [Server] F:\Soft\mySQL-w10\mysql-8.0.21-winx64\bin\mysqld (mysqld 8.0.21) initializing of server in progress as process 6624
2020-08-24T09:12:55.516345Z 0 [ERROR] [MY-010457] [Server] --initialize specified but the data directory has files in it. Aborting.
2020-08-24T09:12:55.516943Z 0 [ERROR] [MY-013236] [Server] The designated data directory F:\Soft\mySQL-w10\mysql-8.0.21-winx64\data\ is unusable. You can remove all files that the server added to it.
2020-08-24T09:12:55.570350Z 0 [ERROR] [MY-010119] [Server] Aborting
2020-08-24T09:12:55.572337Z 0 [System] [MY-010910] [Server] F:\Soft\mySQL-w10\mysql-8.0.21-winx64\bin\mysqld: Shutdown complete (mysqld 8.0.21)  MySQL Community Server - GPL.
2020-08-24T09:40:11.456494Z 0 [System] [MY-010116] [Server] F:\Soft\mySQL-w10\mysql-8.0.21-winx64\bin\mysqld (mysqld 8.0.21) starting as process 10124
2020-08-24T09:40:11.547055Z 1 [System] [MY-013576] [InnoDB] InnoDB initialization has started.
2020-08-24T09:40:11.551059Z 1 [ERROR] [MY-012271] [InnoDB] The innodb_system data file 'ibdata1' must be writable
2020-08-24T09:40:11.553204Z 1 [ERROR] [MY-012278] [InnoDB] The innodb_system data file 'ibdata1' must be writable
2020-08-24T09:40:11.555864Z 1 [ERROR] [MY-010334] [Server] Failed to initialize DD Storage Engine
2020-08-24T09:40:11.558514Z 0 [ERROR] [MY-010020] [Server] Data Dictionary initialization failed.
2020-08-24T09:40:11.560834Z 0 [ERROR] [MY-010119] [Server] Aborting
2020-08-24T09:40:11.652522Z 0 [System] [MY-010910] [Server] F:\Soft\mySQL-w10\mysql-8.0.21-winx64\bin\mysqld: Shutdown complete (mysqld 8.0.21)  MySQL Community Server - GPL.
2020-08-24T09:40:18.023557Z 0 [System] [MY-013169] [Server] F:\Soft\mySQL-w10\mysql-8.0.21-winx64\bin\mysqld (mysqld 8.0.21) initializing of server in progress as process 2580
2020-08-24T09:40:18.043879Z 0 [ERROR] [MY-010457] [Server] --initialize specified but the data directory has files in it. Aborting.
2020-08-24T09:40:18.044495Z 0 [ERROR] [MY-013236] [Server] The designated data directory F:\Soft\mySQL-w10\mysql-8.0.21-winx64\data\ is unusable. You can remove all files that the server added to it.
2020-08-24T09:40:18.053325Z 0 [ERROR] [MY-010119] [Server] Aborting
2020-08-24T09:40:18.054934Z 0 [System] [MY-010910] [Server] F:\Soft\mySQL-w10\mysql-8.0.21-winx64\bin\mysqld: Shutdown complete (mysqld 8.0.21)  MySQL Community Server - GPL.
2020-08-24T09:54:46.419162Z 0 [System] [MY-010116] [Server] F:\Soft\mySQL-w10\mysql-8.0.21-winx64\bin\mysqld (mysqld 8.0.21) starting as process 8896
2020-08-24T09:54:46.541721Z 1 [System] [MY-013576] [InnoDB] InnoDB initialization has started.
2020-08-24T09:54:50.705494Z 1 [System] [MY-013577] [InnoDB] InnoDB initialization has ended.
2020-08-24T09:54:52.485152Z 0 [Warning] [MY-011311] [Server] Plugin mysqlx reported: 'All I/O interfaces are disabled, X Protocol won't be accessible'
2020-08-24T09:54:52.704838Z 0 [System] [MY-010229] [Server] Starting XA crash recovery...
2020-08-24T09:54:52.749674Z 0 [System] [MY-010232] [Server] XA crash recovery finished.
2020-08-24T09:54:53.189469Z 0 [Warning] [MY-010068] [Server] CA certificate ca.pem is self signed.
2020-08-24T09:54:53.194170Z 0 [System] [MY-013602] [Server] Channel mysql_main configured to support TLS. Encrypted connections are now supported for this channel.
2020-08-24T09:54:53.386183Z 0 [System] [MY-010931] [Server] F:\Soft\mySQL-w10\mysql-8.0.21-winx64\bin\mysqld: ready for connections. Version: '8.0.21'  socket: ''  port: 0  MySQL Community Server - GPL.
2020-08-24T09:54:53.391124Z 0 [ERROR] [MY-010131] [Server] TCP/IP, --shared-memory, or --named-pipe should be configured on NT OS
2020-08-24T09:54:53.417733Z 0 [ERROR] [MY-010119] [Server] Aborting
2020-08-24T09:54:53.762746Z 0 [ERROR] [MY-013183] [InnoDB] Assertion failure: trx0sys.cc:636:UT_LIST_GET_LEN(trx_sys->mysql_trx_list) == 0 thread 10228
InnoDB: We intentionally generate a memory trap.
InnoDB: Submit a detailed bug report to http://bugs.mysql.com.
InnoDB: If you get repeated assertion failures or crashes, even
InnoDB: immediately after the mysqld startup, there may be
InnoDB: corruption in the InnoDB tablespace. Please refer to
InnoDB: http://dev.mysql.com/doc/refman/8.0/en/forcing-innodb-recovery.html
InnoDB: about forcing recovery.
09:54:53 UTC - mysqld got exception 0x80000003 ;
Most likely, you have hit a bug, but this error can also be caused by malfunctioning hardware.
Thread pointer: 0x0
Attempting backtrace. You can use the following information to find out
where mysqld died. If you see no messages after this, something went
terribly wrong...
7ff65c587402    mysqld.exe!?my_errno@@YAHXZ()
7ffdf5aecb7d    ucrtbase.dll!raise()
7ffdf5aedb81    ucrtbase.dll!abort()
7ff65c79fd80    mysqld.exe!?set_compression_level@Zstd_comp@compression@transaction@binary_log@@UEAAXI@Z()
7ff65c6901dd    mysqld.exe!?set_compression_level@Zstd_comp@compression@transaction@binary_log@@UEAAXI@Z()
7ff65c72434e    mysqld.exe!?set_compression_level@Zstd_comp@compression@transaction@binary_log@@UEAAXI@Z()
7ff65c723a24    mysqld.exe!?set_compression_level@Zstd_comp@compression@transaction@binary_log@@UEAAXI@Z()
7ff65c669e0e    mysqld.exe!?set_compression_level@Zstd_comp@compression@transaction@binary_log@@UEAAXI@Z()
7ff65b6e4a67    mysqld.exe!?ha_finalize_handlerton@@YAHPEAUst_plugin_int@@@Z()
7ff65b702cea    mysqld.exe!?memcached_shutdown@@YAXXZ()
7ff65b708332    mysqld.exe!?push_back@?$Prealloced_array@PEAUst_plugin_int@@$0BA@@@QEAA_NAEBQEAUst_plugin_int@@@Z()
7ff65b707041    mysqld.exe!?plugin_shutdown@@YAXXZ()
7ff65b6a7fea    mysqld.exe!?check_valid_arguments_processor@Item_func@@UEAA_NPEAE@Z()
7ff65b6b92f6    mysqld.exe!?type@LogEvent@@QEAAAEAV1@W4enum_log_type@@@Z()
7ff65b6b8534    mysqld.exe!?setup_conn_event_handler_threads@@YAXXZ()
7ff65b6bb298    mysqld.exe!?win_main@@YAHHPEAPEAD@Z()
7ff65b6b5775    mysqld.exe!?mysql_service@@YAHPEAX@Z()
7ff65b6b5db1    mysqld.exe!?mysqld_main@@YAHHPEAPEAD@Z()
7ff65cb89e08    mysqld.exe!?set_timespec_nsec@@YAXPEAUtimespec@@_K@Z()
7ffdf7417bd4    KERNEL32.DLL!BaseThreadInitThunk()
7ffdf8aace51    ntdll.dll!RtlUserThreadStart()
The manual page at http://dev.mysql.com/doc/mysql/en/crashing.html contains
information that should help you find out what is causing the crash.
2020-08-24T09:55:32.459133Z 0 [System] [MY-013169] [Server] F:\Soft\mySQL-w10\mysql-8.0.21-winx64\bin\mysqld (mysqld 8.0.21) initializing of server in progress as process 4256
2020-08-24T09:55:32.467484Z 0 [ERROR] [MY-010457] [Server] --initialize specified but the data directory has files in it. Aborting.
2020-08-24T09:55:32.468067Z 0 [ERROR] [MY-013236] [Server] The designated data directory F:\Soft\mySQL-w10\mysql-8.0.21-winx64\data\ is unusable. You can remove all files that the server added to it.
2020-08-24T09:55:32.478476Z 0 [ERROR] [MY-010119] [Server] Aborting
2020-08-24T09:55:32.480114Z 0 [System] [MY-010910] [Server] F:\Soft\mySQL-w10\mysql-8.0.21-winx64\bin\mysqld: Shutdown complete (mysqld 8.0.21)  MySQL Community Server - GPL.
2020-08-24T09:59:10.189062Z 0 [System] [MY-013169] [Server] F:\Soft\mySQL-w10\mysql-8.0.21-winx64\bin\mysqld (mysqld 8.0.21) initializing of server in progress as process 8780
2020-08-24T09:59:10.195776Z 0 [ERROR] [MY-010457] [Server] --initialize specified but the data directory has files in it. Aborting.
2020-08-24T09:59:10.196415Z 0 [ERROR] [MY-013236] [Server] The designated data directory F:\Soft\mySQL-w10\mysql-8.0.21-winx64\data\ is unusable. You can remove all files that the server added to it.
2020-08-24T09:59:10.205472Z 0 [ERROR] [MY-010119] [Server] Aborting
2020-08-24T09:59:10.207112Z 0 [System] [MY-010910] [Server] F:\Soft\mySQL-w10\mysql-8.0.21-winx64\bin\mysqld: Shutdown complete (mysqld 8.0.21)  MySQL Community Server - GPL.
2020-08-24T10:07:59.847096Z 0 [System] [MY-013169] [Server] F:\Soft\mySQL-w10\mysql-8.0.21-winx64\bin\mysqld (mysqld 8.0.21) initializing of server in progress as process 7272
2020-08-24T10:07:59.853818Z 0 [ERROR] [MY-010457] [Server] --initialize specified but the data directory has files in it. Aborting.
2020-08-24T10:07:59.854497Z 0 [ERROR] [MY-013236] [Server] The designated data directory F:\Soft\mySQL-w10\mysql-8.0.21-winx64\data\ is unusable. You can remove all files that the server added to it.
2020-08-24T10:07:59.863810Z 0 [ERROR] [MY-010119] [Server] Aborting
2020-08-24T10:07:59.865430Z 0 [System] [MY-010910] [Server] F:\Soft\mySQL-w10\mysql-8.0.21-winx64\bin\mysqld: Shutdown complete (mysqld 8.0.21)  MySQL Community Server - GPL.
2020-08-24T10:15:42.971775Z 0 [System] [MY-013169] [Server] F:\Soft\mySQL-w10\mysql-8.0.21-winx64\bin\mysqld (mysqld 8.0.21) initializing of server in progress as process 1424
2020-08-24T10:15:42.979470Z 0 [ERROR] [MY-010457] [Server] --initialize specified but the data directory has files in it. Aborting.
2020-08-24T10:15:42.980042Z 0 [ERROR] [MY-013236] [Server] The designated data directory F:\Soft\mySQL-w10\mysql-8.0.21-winx64\data\ is unusable. You can remove all files that the server added to it.
2020-08-24T10:15:42.989320Z 0 [ERROR] [MY-010119] [Server] Aborting
2020-08-24T10:15:42.991169Z 0 [System] [MY-010910] [Server] F:\Soft\mySQL-w10\mysql-8.0.21-winx64\bin\mysqld: Shutdown complete (mysqld 8.0.21)  MySQL Community Server - GPL.
2020-08-24T10:35:03.057828Z 0 [System] [MY-013169] [Server] F:\Soft\mySQL-w10\mysql-8.0.21-winx64\bin\mysqld (mysqld 8.0.21) initializing of server in progress as process 10836
2020-08-24T10:35:03.087459Z 0 [ERROR] [MY-010457] [Server] --initialize specified but the data directory has files in it. Aborting.
2020-08-24T10:35:03.088131Z 0 [ERROR] [MY-013236] [Server] The designated data directory F:\Soft\mySQL-w10\mysql-8.0.21-winx64\data\ is unusable. You can remove all files that the server added to it.
2020-08-24T10:35:03.099612Z 0 [ERROR] [MY-010119] [Server] Aborting
2020-08-24T10:35:03.137764Z 0 [System] [MY-010910] [Server] F:\Soft\mySQL-w10\mysql-8.0.21-winx64\bin\mysqld: Shutdown complete (mysqld 8.0.21)  MySQL Community Server - GPL.
2020-08-24T10:40:36.860296Z 0 [System] [MY-013169] [Server] F:\Soft\mySQL-w10\mysql-8.0.21-winx64\bin\mysqld (mysqld 8.0.21) initializing of server in progress as process 10500
2020-08-24T10:40:36.867379Z 0 [ERROR] [MY-010457] [Server] --initialize specified but the data directory has files in it. Aborting.
2020-08-24T10:40:36.867910Z 0 [ERROR] [MY-013236] [Server] The designated data directory F:\Soft\mySQL-w10\mysql-8.0.21-winx64\data\ is unusable. You can remove all files that the server added to it.
2020-08-24T10:40:36.878180Z 0 [ERROR] [MY-010119] [Server] Aborting
2020-08-24T10:40:36.880198Z 0 [System] [MY-010910] [Server] F:\Soft\mySQL-w10\mysql-8.0.21-winx64\bin\mysqld: Shutdown complete (mysqld 8.0.21)  MySQL Community Server - GPL.
2020-08-24T10:46:56.267274Z 0 [System] [MY-013169] [Server] F:\Soft\mySQL-w10\mysql-8.0.21-winx64\bin\mysqld (mysqld 8.0.21) initializing of server in progress as process 9888
2020-08-24T10:46:56.273979Z 0 [ERROR] [MY-010457] [Server] --initialize specified but the data directory has files in it. Aborting.
2020-08-24T10:46:56.274541Z 0 [ERROR] [MY-013236] [Server] The designated data directory F:\Soft\mySQL-w10\mysql-8.0.21-winx64\data\ is unusable. You can remove all files that the server added to it.
2020-08-24T10:46:56.284556Z 0 [ERROR] [MY-010119] [Server] Aborting
2020-08-24T10:46:56.286136Z 0 [System] [MY-010910] [Server] F:\Soft\mySQL-w10\mysql-8.0.21-winx64\bin\mysqld: Shutdown complete (mysqld 8.0.21)  MySQL Community Server - GPL.
2020-08-24T11:47:28.585021Z 0 [System] [MY-013169] [Server] F:\Soft\mySQL-w10\mysql-8.0.21-winx64\bin\mysqld (mysqld 8.0.21) initializing of server in progress as process 10152
2020-08-24T11:47:28.593349Z 0 [ERROR] [MY-010457] [Server] --initialize specified but the data directory has files in it. Aborting.
2020-08-24T11:47:28.594522Z 0 [ERROR] [MY-013236] [Server] The designated data directory F:\Soft\mySQL-w10\mysql-8.0.21-winx64\data\ is unusable. You can remove all files that the server added to it.
2020-08-24T11:47:28.651341Z 0 [ERROR] [MY-010119] [Server] Aborting
2020-08-24T11:47:28.655032Z 0 [System] [MY-010910] [Server] F:\Soft\mySQL-w10\mysql-8.0.21-winx64\bin\mysqld: Shutdown complete (mysqld 8.0.21)  MySQL Community Server - GPL.
2020-08-24T12:25:24.610265Z 0 [System] [MY-013169] [Server] F:\Soft\mySQL-w10\mysql-8.0.21-winx64\bin\mysqld (mysqld 8.0.21) initializing of server in progress as process 1200
2020-08-24T12:25:24.617429Z 0 [ERROR] [MY-010457] [Server] --initialize specified but the data directory has files in it. Aborting.
2020-08-24T12:25:24.617958Z 0 [ERROR] [MY-013236] [Server] The designated data directory F:\Soft\mySQL-w10\mysql-8.0.21-winx64\data\ is unusable. You can remove all files that the server added to it.
2020-08-24T12:25:24.627221Z 0 [ERROR] [MY-010119] [Server] Aborting
2020-08-24T12:25:24.628806Z 0 [System] [MY-010910] [Server] F:\Soft\mySQL-w10\mysql-8.0.21-winx64\bin\mysqld: Shutdown complete (mysqld 8.0.21)  MySQL Community Server - GPL.
2020-08-24T12:36:33.497400Z 0 [System] [MY-013169] [Server] F:\Soft\mySQL-w10\mysql-8.0.21-winx64\bin\mysqld (mysqld 8.0.21) initializing of server in progress as process 11108
2020-08-24T12:36:33.504639Z 0 [ERROR] [MY-010457] [Server] --initialize specified but the data directory has files in it. Aborting.
2020-08-24T12:36:33.505265Z 0 [ERROR] [MY-013236] [Server] The designated data directory F:\Soft\mySQL-w10\mysql-8.0.21-winx64\data\ is unusable. You can remove all files that the server added to it.
2020-08-24T12:36:33.514413Z 0 [ERROR] [MY-010119] [Server] Aborting
2020-08-24T12:36:33.516031Z 0 [System] [MY-010910] [Server] F:\Soft\mySQL-w10\mysql-8.0.21-winx64\bin\mysqld: Shutdown complete (mysqld 8.0.21)  MySQL Community Server - GPL.
2020-08-24T12:41:20.120065Z 0 [System] [MY-013169] [Server] F:\Soft\mySQL-w10\mysql-8.0.21-winx64\bin\mysqld (mysqld 8.0.21) initializing of server in progress as process 10836
2020-08-24T12:41:20.126801Z 0 [ERROR] [MY-010457] [Server] --initialize specified but the data directory has files in it. Aborting.
2020-08-24T12:41:20.127316Z 0 [ERROR] [MY-013236] [Server] The designated data directory F:\Soft\mySQL-w10\mysql-8.0.21-winx64\data\ is unusable. You can remove all files that the server added to it.
2020-08-24T12:41:20.178524Z 0 [ERROR] [MY-010119] [Server] Aborting
2020-08-24T12:41:20.180795Z 0 [System] [MY-010910] [Server] F:\Soft\mySQL-w10\mysql-8.0.21-winx64\bin\mysqld: Shutdown complete (mysqld 8.0.21)  MySQL Community Server - GPL.
2020-08-24T12:44:55.610920Z 0 [System] [MY-013169] [Server] F:\Soft\mySQL-w10\mysql-8.0.21-winx64\bin\mysqld (mysqld 8.0.21) initializing of server in progress as process 8652
2020-08-24T12:44:55.617480Z 0 [ERROR] [MY-010457] [Server] --initialize specified but the data directory has files in it. Aborting.
2020-08-24T12:44:55.617995Z 0 [ERROR] [MY-013236] [Server] The designated data directory F:\Soft\mySQL-w10\mysql-8.0.21-winx64\data\ is unusable. You can remove all files that the server added to it.
2020-08-24T12:44:55.627092Z 0 [ERROR] [MY-010119] [Server] Aborting
2020-08-24T12:44:55.628688Z 0 [System] [MY-010910] [Server] F:\Soft\mySQL-w10\mysql-8.0.21-winx64\bin\mysqld: Shutdown complete (mysqld 8.0.21)  MySQL Community Server - GPL.
2020-08-24T12:45:53.158516Z 0 [System] [MY-013169] [Server] F:\Soft\mySQL-w10\mysql-8.0.21-winx64\bin\mysqld (mysqld 8.0.21) initializing of server in progress as process 11012
2020-08-24T12:45:53.165397Z 0 [ERROR] [MY-010457] [Server] --initialize specified but the data directory has files in it. Aborting.
2020-08-24T12:45:53.165920Z 0 [ERROR] [MY-013236] [Server] The designated data directory F:\Soft\mySQL-w10\mysql-8.0.21-winx64\data\ is unusable. You can remove all files that the server added to it.
2020-08-24T12:45:53.175079Z 0 [ERROR] [MY-010119] [Server] Aborting
2020-08-24T12:45:53.176715Z 0 [System] [MY-010910] [Server] F:\Soft\mySQL-w10\mysql-8.0.21-winx64\bin\mysqld: Shutdown complete (mysqld 8.0.21)  MySQL Community Server - GPL.
2020-08-24T12:47:42.818443Z 0 [System] [MY-013169] [Server] F:\Soft\mySQL-w10\mysql-8.0.21-winx64\bin\mysqld (mysqld 8.0.21) initializing of server in progress as process 6568
2020-08-24T12:47:42.825143Z 0 [ERROR] [MY-010457] [Server] --initialize specified but the data directory has files in it. Aborting.
2020-08-24T12:47:42.825685Z 0 [ERROR] [MY-013236] [Server] The designated data directory F:\Soft\mySQL-w10\mysql-8.0.21-winx64\data\ is unusable. You can remove all files that the server added to it.
2020-08-24T12:47:42.834807Z 0 [ERROR] [MY-010119] [Server] Aborting
2020-08-24T12:47:42.836411Z 0 [System] [MY-010910] [Server] F:\Soft\mySQL-w10\mysql-8.0.21-winx64\bin\mysqld: Shutdown complete (mysqld 8.0.21)  MySQL Community Server - GPL.
2020-08-24T12:48:32.390956Z 0 [System] [MY-013169] [Server] F:\Soft\mySQL-w10\mysql-8.0.21-winx64\bin\mysqld (mysqld 8.0.21) initializing of server in progress as process 10108
2020-08-24T12:48:32.397831Z 0 [ERROR] [MY-010457] [Server] --initialize specified but the data directory has files in it. Aborting.
2020-08-24T12:48:32.398718Z 0 [ERROR] [MY-013236] [Server] The designated data directory F:\Soft\mySQL-w10\mysql-8.0.21-winx64\data\ is unusable. You can remove all files that the server added to it.
2020-08-24T12:48:32.407997Z 0 [ERROR] [MY-010119] [Server] Aborting
2020-08-24T12:48:32.409553Z 0 [System] [MY-010910] [Server] F:\Soft\mySQL-w10\mysql-8.0.21-winx64\bin\mysqld: Shutdown complete (mysqld 8.0.21)  MySQL Community Server - GPL.
2020-08-24T12:56:08.492589Z 0 [System] [MY-013169] [Server] F:\Soft\mySQL-w10\mysql-8.0.21-winx64\bin\mysqld (mysqld 8.0.21) initializing of server in progress as process 8176
2020-08-24T12:56:08.499208Z 0 [ERROR] [MY-010457] [Server] --initialize specified but the data directory has files in it. Aborting.
2020-08-24T12:56:08.499727Z 0 [ERROR] [MY-013236] [Server] The designated data directory F:\Soft\mySQL-w10\mysql-8.0.21-winx64\data\ is unusable. You can remove all files that the server added to it.
2020-08-24T12:56:08.509520Z 0 [ERROR] [MY-010119] [Server] Aborting
2020-08-24T12:56:08.511124Z 0 [System] [MY-010910] [Server] F:\Soft\mySQL-w10\mysql-8.0.21-winx64\bin\mysqld: Shutdown complete (mysqld 8.0.21)  MySQL Community Server - GPL.
2020-08-24T12:59:42.502240Z 0 [System] [MY-013169] [Server] F:\Soft\mySQL-w10\mysql-8.0.21-winx64\bin\mysqld (mysqld 8.0.21) initializing of server in progress as process 6488
2020-08-24T12:59:42.509289Z 0 [ERROR] [MY-010457] [Server] --initialize specified but the data directory has files in it. Aborting.
2020-08-24T12:59:42.509852Z 0 [ERROR] [MY-013236] [Server] The designated data directory F:\Soft\mySQL-w10\mysql-8.0.21-winx64\data\ is unusable. You can remove all files that the server added to it.
2020-08-24T12:59:42.519199Z 0 [ERROR] [MY-010119] [Server] Aborting
2020-08-24T12:59:42.521238Z 0 [System] [MY-010910] [Server] F:\Soft\mySQL-w10\mysql-8.0.21-winx64\bin\mysqld: Shutdown complete (mysqld 8.0.21)  MySQL Community Server - GPL.
2020-08-24T13:02:52.762751Z 0 [System] [MY-013169] [Server] F:\Soft\mySQL-w10\mysql-8.0.21-winx64\bin\mysqld (mysqld 8.0.21) initializing of server in progress as process 1568
2020-08-24T13:02:52.769656Z 0 [ERROR] [MY-010457] [Server] --initialize specified but the data directory has files in it. Aborting.
2020-08-24T13:02:52.770175Z 0 [ERROR] [MY-013236] [Server] The designated data directory F:\Soft\mySQL-w10\mysql-8.0.21-winx64\data\ is unusable. You can remove all files that the server added to it.
2020-08-24T13:02:52.779361Z 0 [ERROR] [MY-010119] [Server] Aborting
2020-08-24T13:02:52.780961Z 0 [System] [MY-010910] [Server] F:\Soft\mySQL-w10\mysql-8.0.21-winx64\bin\mysqld: Shutdown complete (mysqld 8.0.21)  MySQL Community Server - GPL.
2020-08-24T13:03:41.033198Z 0 [System] [MY-013169] [Server] F:\Soft\mySQL-w10\mysql-8.0.21-winx64\bin\mysqld (mysqld 8.0.21) initializing of server in progress as process 11140
2020-08-24T13:03:41.040832Z 0 [ERROR] [MY-010457] [Server] --initialize specified but the data directory has files in it. Aborting.
2020-08-24T13:03:41.041364Z 0 [ERROR] [MY-013236] [Server] The designated data directory F:\Soft\mySQL-w10\mysql-8.0.21-winx64\data\ is unusable. You can remove all files that the server added to it.
2020-08-24T13:03:41.050290Z 0 [ERROR] [MY-010119] [Server] Aborting
2020-08-24T13:03:41.051858Z 0 [System] [MY-010910] [Server] F:\Soft\mySQL-w10\mysql-8.0.21-winx64\bin\mysqld: Shutdown complete (mysqld 8.0.21)  MySQL Community Server - GPL.
2020-08-24T13:04:35.267808Z 0 [System] [MY-013169] [Server] F:\Soft\mySQL-w10\mysql-8.0.21-winx64\bin\mysqld (mysqld 8.0.21) initializing of server in progress as process 4224
2020-08-24T13:04:35.274841Z 0 [ERROR] [MY-010457] [Server] --initialize specified but the data directory has files in it. Aborting.
2020-08-24T13:04:35.275369Z 0 [ERROR] [MY-013236] [Server] The designated data directory F:\Soft\mySQL-w10\mysql-8.0.21-winx64\data\ is unusable. You can remove all files that the server added to it.
2020-08-24T13:04:35.284503Z 0 [ERROR] [MY-010119] [Server] Aborting
2020-08-24T13:04:35.286062Z 0 [System] [MY-010910] [Server] F:\Soft\mySQL-w10\mysql-8.0.21-winx64\bin\mysqld: Shutdown complete (mysqld 8.0.21)  MySQL Community Server - GPL.
2020-08-24T13:05:12.378565Z 0 [System] [MY-013169] [Server] F:\Soft\mySQL-w10\mysql-8.0.21-winx64\bin\mysqld (mysqld 8.0.21) initializing of server in progress as process 8012
2020-08-24T13:05:12.386494Z 0 [ERROR] [MY-010457] [Server] --initialize specified but the data directory has files in it. Aborting.
2020-08-24T13:05:12.387035Z 0 [ERROR] [MY-013236] [Server] The designated data directory F:\Soft\mySQL-w10\mysql-8.0.21-winx64\data\ is unusable. You can remove all files that the server added to it.
2020-08-24T13:05:12.396318Z 0 [ERROR] [MY-010119] [Server] Aborting
2020-08-24T13:05:12.397936Z 0 [System] [MY-010910] [Server] F:\Soft\mySQL-w10\mysql-8.0.21-winx64\bin\mysqld: Shutdown complete (mysqld 8.0.21)  MySQL Community Server - GPL.
2020-08-24T13:06:02.659752Z 0 [System] [MY-013169] [Server] F:\Soft\mySQL-w10\mysql-8.0.21-winx64\bin\mysqld (mysqld 8.0.21) initializing of server in progress as process 10056
2020-08-24T13:06:02.666825Z 0 [ERROR] [MY-010457] [Server] --initialize specified but the data directory has files in it. Aborting.
2020-08-24T13:06:02.667364Z 0 [ERROR] [MY-013236] [Server] The designated data directory F:\Soft\mySQL-w10\mysql-8.0.21-winx64\data\ is unusable. You can remove all files that the server added to it.
2020-08-24T13:06:02.676803Z 0 [ERROR] [MY-010119] [Server] Aborting
2020-08-24T13:06:02.678358Z 0 [System] [MY-010910] [Server] F:\Soft\mySQL-w10\mysql-8.0.21-winx64\bin\mysqld: Shutdown complete (mysqld 8.0.21)  MySQL Community Server - GPL.
2020-08-24T13:06:29.247874Z 0 [System] [MY-013169] [Server] F:\Soft\mySQL-w10\mysql-8.0.21-winx64\bin\mysqld (mysqld 8.0.21) initializing of server in progress as process 8652
2020-08-24T13:06:29.254539Z 0 [ERROR] [MY-010457] [Server] --initialize specified but the data directory has files in it. Aborting.
2020-08-24T13:06:29.255053Z 0 [ERROR] [MY-013236] [Server] The designated data directory F:\Soft\mySQL-w10\mysql-8.0.21-winx64\data\ is unusable. You can remove all files that the server added to it.
2020-08-24T13:06:29.264539Z 0 [ERROR] [MY-010119] [Server] Aborting
2020-08-24T13:06:29.266190Z 0 [System] [MY-010910] [Server] F:\Soft\mySQL-w10\mysql-8.0.21-winx64\bin\mysqld: Shutdown complete (mysqld 8.0.21)  MySQL Community Server - GPL.
2020-08-24T13:10:00.690384Z 0 [System] [MY-013169] [Server] F:\Soft\mySQL-w10\mysql-8.0.21-winx64\bin\mysqld.exe (mysqld 8.0.21) initializing of server in progress as process 7152
2020-08-24T13:10:00.697625Z 0 [ERROR] [MY-010457] [Server] --initialize specified but the data directory has files in it. Aborting.
2020-08-24T13:10:00.698172Z 0 [ERROR] [MY-013236] [Server] The designated data directory F:\Soft\mySQL-w10\mysql-8.0.21-winx64\data\ is unusable. You can remove all files that the server added to it.
2020-08-24T13:10:00.707191Z 0 [ERROR] [MY-010119] [Server] Aborting
2020-08-24T13:10:00.708786Z 0 [System] [MY-010910] [Server] F:\Soft\mySQL-w10\mysql-8.0.21-winx64\bin\mysqld.exe: Shutdown complete (mysqld 8.0.21)  MySQL Community Server - GPL.
2020-08-24T13:10:20.841161Z 0 [System] [MY-013169] [Server] F:\Soft\mySQL-w10\mysql-8.0.21-winx64\bin\mysqld (mysqld 8.0.21) initializing of server in progress as process 7992
2020-08-24T13:10:20.848037Z 0 [ERROR] [MY-010457] [Server] --initialize specified but the data directory has files in it. Aborting.
2020-08-24T13:10:20.848565Z 0 [ERROR] [MY-013236] [Server] The designated data directory F:\Soft\mySQL-w10\mysql-8.0.21-winx64\data\ is unusable. You can remove all files that the server added to it.
2020-08-24T13:10:20.857439Z 0 [ERROR] [MY-010119] [Server] Aborting
2020-08-24T13:10:20.858999Z 0 [System] [MY-010910] [Server] F:\Soft\mySQL-w10\mysql-8.0.21-winx64\bin\mysqld: Shutdown complete (mysqld 8.0.21)  MySQL Community Server - GPL.
2020-08-24T13:26:58.180777Z 0 [System] [MY-013169] [Server] F:\Soft\mySQL-w10\mysql-8.0.21-winx64\bin\mysqld (mysqld 8.0.21) initializing of server in progress as process 5756
2020-08-24T13:26:58.187942Z 0 [ERROR] [MY-010457] [Server] --initialize specified but the data directory has files in it. Aborting.
2020-08-24T13:26:58.188488Z 0 [ERROR] [MY-013236] [Server] The designated data directory F:\Soft\mySQL-w10\mysql-8.0.21-winx64\data\ is unusable. You can remove all files that the server added to it.
2020-08-24T13:26:58.197867Z 0 [ERROR] [MY-010119] [Server] Aborting
2020-08-24T13:26:58.199461Z 0 [System] [MY-010910] [Server] F:\Soft\mySQL-w10\mysql-8.0.21-winx64\bin\mysqld: Shutdown complete (mysqld 8.0.21)  MySQL Community Server - GPL.
2020-08-24T13:36:37.770743Z 0 [System] [MY-013169] [Server] F:\Soft\mySQL-w10\mysql-8.0.21-winx64\bin\mysqld (mysqld 8.0.21) initializing of server in progress as process 5900
2020-08-24T13:36:37.777765Z 0 [ERROR] [MY-010457] [Server] --initialize specified but the data directory has files in it. Aborting.
2020-08-24T13:36:37.778279Z 0 [ERROR] [MY-013236] [Server] The designated data directory F:\Soft\mySQL-w10\mysql-8.0.21-winx64\data\ is unusable. You can remove all files that the server added to it.
2020-08-24T13:36:37.787716Z 0 [ERROR] [MY-010119] [Server] Aborting
2020-08-24T13:36:37.789356Z 0 [System] [MY-010910] [Server] F:\Soft\mySQL-w10\mysql-8.0.21-winx64\bin\mysqld: Shutdown complete (mysqld 8.0.21)  MySQL Community Server - GPL.
2020-08-24T13:40:39.272445Z 0 [System] [MY-013169] [Server] F:\Soft\mySQL-w10\mysql-8.0.21-winx64\bin\mysqld (mysqld 8.0.21) initializing of server in progress as process 10284
2020-08-24T13:40:39.280123Z 0 [ERROR] [MY-010457] [Server] --initialize specified but the data directory has files in it. Aborting.
2020-08-24T13:40:39.280699Z 0 [ERROR] [MY-013236] [Server] The designated data directory F:\Soft\mySQL-w10\mysql-8.0.21-winx64\data\ is unusable. You can remove all files that the server added to it.
2020-08-24T13:40:39.289641Z 0 [ERROR] [MY-010119] [Server] Aborting
2020-08-24T13:40:39.291481Z 0 [System] [MY-010910] [Server] F:\Soft\mySQL-w10\mysql-8.0.21-winx64\bin\mysqld: Shutdown complete (mysqld 8.0.21)  MySQL Community Server - GPL.
2020-08-24T13:46:55.072829Z 0 [System] [MY-013169] [Server] F:\Soft\mySQL-w10\mysql-8.0.21-winx64\bin\mysqld (mysqld 8.0.21) initializing of server in progress as process 9572
2020-08-24T13:46:55.080574Z 0 [ERROR] [MY-010457] [Server] --initialize specified but the data directory has files in it. Aborting.
2020-08-24T13:46:55.081140Z 0 [ERROR] [MY-013236] [Server] The designated data directory F:\Soft\mySQL-w10\mysql-8.0.21-winx64\data\ is unusable. You can remove all files that the server added to it.
2020-08-24T13:46:55.090253Z 0 [ERROR] [MY-010119] [Server] Aborting
2020-08-24T13:46:55.092043Z 0 [System] [MY-010910] [Server] F:\Soft\mySQL-w10\mysql-8.0.21-winx64\bin\mysqld: Shutdown complete (mysqld 8.0.21)  MySQL Community Server - GPL.
2020-08-24T13:58:19.158214Z 0 [System] [MY-013169] [Server] F:\Soft\mySQL-w10\mysql-8.0.21-winx64\bin\mysqld (mysqld 8.0.21) initializing of server in progress as process 8780
2020-08-24T13:58:19.165646Z 0 [ERROR] [MY-010457] [Server] --initialize specified but the data directory has files in it. Aborting.
2020-08-24T13:58:19.166182Z 0 [ERROR] [MY-013236] [Server] The designated data directory F:\Soft\mySQL-w10\mysql-8.0.21-winx64\data\ is unusable. You can remove all files that the server added to it.
2020-08-24T13:58:19.175178Z 0 [ERROR] [MY-010119] [Server] Aborting
2020-08-24T13:58:19.176774Z 0 [System] [MY-010910] [Server] F:\Soft\mySQL-w10\mysql-8.0.21-winx64\bin\mysqld: Shutdown complete (mysqld 8.0.21)  MySQL Community Server - GPL.
2020-08-24T14:04:07.942770Z 0 [System] [MY-013169] [Server] F:\Soft\mySQL-w10\mysql-8.0.21-winx64\bin\mysqld (mysqld 8.0.21) initializing of server in progress as process 6180
2020-08-24T14:04:07.950229Z 0 [ERROR] [MY-010457] [Server] --initialize specified but the data directory has files in it. Aborting.
2020-08-24T14:04:07.950806Z 0 [ERROR] [MY-013236] [Server] The designated data directory F:\Soft\mySQL-w10\mysql-8.0.21-winx64\data\ is unusable. You can remove all files that the server added to it.
2020-08-24T14:04:07.959927Z 0 [ERROR] [MY-010119] [Server] Aborting
2020-08-24T14:04:07.961538Z 0 [System] [MY-010910] [Server] F:\Soft\mySQL-w10\mysql-8.0.21-winx64\bin\mysqld: Shutdown complete (mysqld 8.0.21)  MySQL Community Server - GPL.
2020-08-24T14:06:55.085878Z 0 [System] [MY-013169] [Server] F:\Soft\mySQL-w10\mysql-8.0.21-winx64\bin\mysqld (mysqld 8.0.21) initializing of server in progress as process 10256
2020-08-24T14:06:55.093378Z 0 [ERROR] [MY-010457] [Server] --initialize specified but the data directory has files in it. Aborting.
2020-08-24T14:06:55.093903Z 0 [ERROR] [MY-013236] [Server] The designated data directory F:\Soft\mySQL-w10\mysql-8.0.21-winx64\data\ is unusable. You can remove all files that the server added to it.
2020-08-24T14:06:55.103801Z 0 [ERROR] [MY-010119] [Server] Aborting
2020-08-24T14:06:55.105409Z 0 [System] [MY-010910] [Server] F:\Soft\mySQL-w10\mysql-8.0.21-winx64\bin\mysqld: Shutdown complete (mysqld 8.0.21)  MySQL Community Server - GPL.
2020-08-24T14:11:17.704721Z 0 [System] [MY-013169] [Server] F:\Soft\mySQL-w10\mysql-8.0.21-winx64\bin\mysqld.exe (mysqld 8.0.21) initializing of server in progress as process 1228
2020-08-24T14:11:17.711936Z 0 [ERROR] [MY-010457] [Server] --initialize specified but the data directory has files in it. Aborting.
2020-08-24T14:11:17.712470Z 0 [ERROR] [MY-013236] [Server] The designated data directory F:\Soft\mySQL-w10\mysql-8.0.21-winx64\data\ is unusable. You can remove all files that the server added to it.
2020-08-24T14:11:17.721666Z 0 [ERROR] [MY-010119] [Server] Aborting
2020-08-24T14:11:17.723274Z 0 [System] [MY-010910] [Server] F:\Soft\mySQL-w10\mysql-8.0.21-winx64\bin\mysqld.exe: Shutdown complete (mysqld 8.0.21)  MySQL Community Server - GPL.
2020-08-25T06:53:50.277913Z 0 [System] [MY-013169] [Server] F:\Soft\mySQL-w10\mysql-8.0.21-winx64\bin\mysqld (mysqld 8.0.21) initializing of server in progress as process 3532
2020-08-25T06:53:50.285550Z 0 [ERROR] [MY-010457] [Server] --initialize specified but the data directory has files in it. Aborting.
2020-08-25T06:53:50.286069Z 0 [ERROR] [MY-013236] [Server] The designated data directory F:\Soft\mySQL-w10\mysql-8.0.21-winx64\data\ is unusable. You can remove all files that the server added to it.
2020-08-25T06:53:50.295292Z 0 [ERROR] [MY-010119] [Server] Aborting
2020-08-25T06:53:50.296895Z 0 [System] [MY-010910] [Server] F:\Soft\mySQL-w10\mysql-8.0.21-winx64\bin\mysqld: Shutdown complete (mysqld 8.0.21)  MySQL Community Server - GPL.
2020-08-25T07:15:08.529026Z 0 [System] [MY-013169] [Server] F:\Soft\mySQL-w10\mysql-8.0.21-winx64\bin\mysqld (mysqld 8.0.21) initializing of server in progress as process 840
2020-08-25T07:15:08.536955Z 0 [ERROR] [MY-010457] [Server] --initialize specified but the data directory has files in it. Aborting.
2020-08-25T07:15:08.537481Z 0 [ERROR] [MY-013236] [Server] The designated data directory F:\Soft\mySQL-w10\mysql-8.0.21-winx64\data\ is unusable. You can remove all files that the server added to it.
2020-08-25T07:15:08.546609Z 0 [ERROR] [MY-010119] [Server] Aborting
2020-08-25T07:15:08.548283Z 0 [System] [MY-010910] [Server] F:\Soft\mySQL-w10\mysql-8.0.21-winx64\bin\mysqld: Shutdown complete (mysqld 8.0.21)  MySQL Community Server - GPL.
2020-08-25T07:39:55.652758Z 0 [System] [MY-013169] [Server] F:\Soft\mySQL-w10\mysql-8.0.21-winx64\bin\mysqld (mysqld 8.0.21) initializing of server in progress as process 9832
2020-08-25T07:39:55.660596Z 0 [ERROR] [MY-010457] [Server] --initialize specified but the data directory has files in it. Aborting.
2020-08-25T07:39:55.661863Z 0 [ERROR] [MY-013236] [Server] The designated data directory F:\Soft\mySQL-w10\mysql-8.0.21-winx64\data\ is unusable. You can remove all files that the server added to it.
2020-08-25T07:39:55.671227Z 0 [ERROR] [MY-010119] [Server] Aborting
2020-08-25T07:39:55.672823Z 0 [System] [MY-010910] [Server] F:\Soft\mySQL-w10\mysql-8.0.21-winx64\bin\mysqld: Shutdown complete (mysqld 8.0.21)  MySQL Community Server - GPL.
2020-08-25T09:26:19.996811Z 0 [System] [MY-013169] [Server] F:\Soft\mySQL-w10\mysql-8.0.21-winx64\bin\mysqld (mysqld 8.0.21) initializing of server in progress as process 3228
2020-08-25T09:26:20.005392Z 0 [ERROR] [MY-010457] [Server] --initialize specified but the data directory has files in it. Aborting.
2020-08-25T09:26:20.006050Z 0 [ERROR] [MY-013236] [Server] The designated data directory F:\Soft\mySQL-w10\mysql-8.0.21-winx64\data\ is unusable. You can remove all files that the server added to it.
2020-08-25T09:26:20.015192Z 0 [ERROR] [MY-010119] [Server] Aborting
2020-08-25T09:26:20.016793Z 0 [System] [MY-010910] [Server] F:\Soft\mySQL-w10\mysql-8.0.21-winx64\bin\mysqld: Shutdown complete (mysqld 8.0.21)  MySQL Community Server - GPL.
2020-08-25T09:27:04.749201Z 0 [System] [MY-013169] [Server] F:\Soft\mySQL-w10\mysql-8.0.21-winx64\bin\mysqld (mysqld 8.0.21) initializing of server in progress as process 9784
2020-08-25T09:27:04.756567Z 0 [ERROR] [MY-010457] [Server] --initialize specified but the data directory has files in it. Aborting.
2020-08-25T09:27:04.757077Z 0 [ERROR] [MY-013236] [Server] The designated data directory F:\Soft\mySQL-w10\mysql-8.0.21-winx64\data\ is unusable. You can remove all files that the server added to it.
2020-08-25T09:27:04.766107Z 0 [ERROR] [MY-010119] [Server] Aborting
2020-08-25T09:27:04.767696Z 0 [System] [MY-010910] [Server] F:\Soft\mySQL-w10\mysql-8.0.21-winx64\bin\mysqld: Shutdown complete (mysqld 8.0.21)  MySQL Community Server - GPL.
2020-08-25T10:35:22.472710Z 0 [System] [MY-013169] [Server] F:\Soft\mySQL-w10\mysql-8.0.21-winx64\bin\mysqld (mysqld 8.0.21) initializing of server in progress as process 3868
2020-08-25T10:35:22.480644Z 0 [ERROR] [MY-010457] [Server] --initialize specified but the data directory has files in it. Aborting.
2020-08-25T10:35:22.481212Z 0 [ERROR] [MY-013236] [Server] The designated data directory F:\Soft\mySQL-w10\mysql-8.0.21-winx64\data\ is unusable. You can remove all files that the server added to it.
2020-08-25T10:35:22.490219Z 0 [ERROR] [MY-010119] [Server] Aborting
2020-08-25T10:35:22.491798Z 0 [System] [MY-010910] [Server] F:\Soft\mySQL-w10\mysql-8.0.21-winx64\bin\mysqld: Shutdown complete (mysqld 8.0.21)  MySQL Community Server - GPL.
2020-08-25T10:37:46.534182Z 0 [System] [MY-013169] [Server] F:\Soft\mySQL-w10\mysql-8.0.21-winx64\bin\mysqld (mysqld 8.0.21) initializing of server in progress as process 9936
2020-08-25T10:37:46.541787Z 0 [ERROR] [MY-010457] [Server] --initialize specified but the data directory has files in it. Aborting.
2020-08-25T10:37:46.542316Z 0 [ERROR] [MY-013236] [Server] The designated data directory F:\Soft\mySQL-w10\mysql-8.0.21-winx64\data\ is unusable. You can remove all files that the server added to it.
2020-08-25T10:37:46.551361Z 0 [ERROR] [MY-010119] [Server] Aborting
2020-08-25T10:37:46.552959Z 0 [System] [MY-010910] [Server] F:\Soft\mySQL-w10\mysql-8.0.21-winx64\bin\mysqld: Shutdown complete (mysqld 8.0.21)  MySQL Community Server - GPL.
2020-08-25T11:58:11.826101Z 0 [System] [MY-013169] [Server] F:\Soft\mySQL-w10\mysql-8.0.21-winx64\bin\mysqld (mysqld 8.0.21) initializing of server in progress as process 9864
2020-08-25T11:58:11.834263Z 0 [ERROR] [MY-010457] [Server] --initialize specified but the data directory has files in it. Aborting.
2020-08-25T11:58:11.834803Z 0 [ERROR] [MY-013236] [Server] The designated data directory F:\Soft\mySQL-w10\mysql-8.0.21-winx64\data\ is unusable. You can remove all files that the server added to it.
2020-08-25T11:58:11.843796Z 0 [ERROR] [MY-010119] [Server] Aborting
2020-08-25T11:58:11.845380Z 0 [System] [MY-010910] [Server] F:\Soft\mySQL-w10\mysql-8.0.21-winx64\bin\mysqld: Shutdown complete (mysqld 8.0.21)  MySQL Community Server - GPL.
2020-08-25T12:30:52.387406Z 0 [System] [MY-013169] [Server] F:\Soft\ZMWSPortable\App\ZMWS\mySQL\bin\mysqld.exe (mysqld 8.0.21) initializing of server in progress as process 9192
2020-08-25T12:30:52.398210Z 0 [ERROR] [MY-010457] [Server] --initialize specified but the data directory has files in it. Aborting.
2020-08-25T12:30:52.398944Z 0 [ERROR] [MY-013236] [Server] The designated data directory F:\Soft\ZMWSPortable\App\ZMWS\mySQL\data\ is unusable. You can remove all files that the server added to it.
2020-08-25T12:30:52.431709Z 0 [ERROR] [MY-010119] [Server] Aborting
2020-08-25T12:30:52.433811Z 0 [System] [MY-010910] [Server] F:\Soft\ZMWSPortable\App\ZMWS\mySQL\bin\mysqld.exe: Shutdown complete (mysqld 8.0.21)  MySQL Community Server - GPL.
2020-08-25T12:34:03.183727Z 0 [System] [MY-010116] [Server] F:\Soft\ZMWSPortable\App\ZMWS\mySQL\bin\mysqld.exe (mysqld 8.0.21) starting as process 11148
2020-08-25T12:34:03.658126Z 1 [System] [MY-013576] [InnoDB] InnoDB initialization has started.
2020-08-25T12:34:07.198596Z 1 [System] [MY-013577] [InnoDB] InnoDB initialization has ended.
2020-08-25T12:34:08.395309Z 0 [System] [MY-011323] [Server] X Plugin ready for connections. Bind-address: '::' port: 33060
2020-08-25T12:34:08.814284Z 0 [System] [MY-010229] [Server] Starting XA crash recovery...
2020-08-25T12:34:08.862169Z 0 [System] [MY-010232] [Server] XA crash recovery finished.
2020-08-25T12:34:09.381974Z 0 [Warning] [MY-010068] [Server] CA certificate ca.pem is self signed.
2020-08-25T12:34:09.403939Z 0 [System] [MY-013602] [Server] Channel mysql_main configured to support TLS. Encrypted connections are now supported for this channel.
2020-08-25T12:34:09.454138Z 0 [ERROR] [MY-000067] [Server] unknown variable 'default-character-set=utf8'.
2020-08-25T12:34:09.458128Z 0 [ERROR] [MY-010119] [Server] Aborting
2020-08-25T12:34:10.712287Z 0 [System] [MY-010910] [Server] F:\Soft\ZMWSPortable\App\ZMWS\mySQL\bin\mysqld.exe: Shutdown complete (mysqld 8.0.21)  MySQL Community Server - GPL.
2020-08-25T12:45:25.086300Z 0 [System] [MY-010116] [Server] F:\Soft\ZMWSPortable\App\ZMWS\mySQL\bin\mysqld.exe (mysqld 8.0.21) starting as process 5372
2020-08-25T12:45:25.153345Z 1 [System] [MY-013576] [InnoDB] InnoDB initialization has started.
2020-08-25T12:45:28.444499Z 1 [System] [MY-013577] [InnoDB] InnoDB initialization has ended.
2020-08-25T12:45:30.257562Z 0 [System] [MY-011323] [Server] X Plugin ready for connections. Bind-address: '::' port: 33060
2020-08-25T12:45:31.193706Z 0 [Warning] [MY-010068] [Server] CA certificate ca.pem is self signed.
2020-08-25T12:45:31.198514Z 0 [System] [MY-013602] [Server] Channel mysql_main configured to support TLS. Encrypted connections are now supported for this channel.
2020-08-25T12:45:31.234754Z 0 [ERROR] [MY-000067] [Server] unknown variable 'default-character-set=utf8'.
2020-08-25T12:45:31.238355Z 0 [ERROR] [MY-010119] [Server] Aborting
2020-08-25T12:45:33.160032Z 0 [System] [MY-010910] [Server] F:\Soft\ZMWSPortable\App\ZMWS\mySQL\bin\mysqld.exe: Shutdown complete (mysqld 8.0.21)  MySQL Community Server - GPL.
2020-08-25T12:46:43.806968Z 0 [System] [MY-010116] [Server] F:\Soft\ZMWSPortable\App\ZMWS\mySQL\bin\mysqld.exe (mysqld 8.0.21) starting as process 11168
2020-08-25T12:46:43.872874Z 1 [System] [MY-013576] [InnoDB] InnoDB initialization has started.
2020-08-25T12:46:47.240504Z 1 [System] [MY-013577] [InnoDB] InnoDB initialization has ended.
2020-08-25T12:46:48.204920Z 0 [System] [MY-011323] [Server] X Plugin ready for connections. Bind-address: '::' port: 33060
2020-08-25T12:46:49.041057Z 0 [Warning] [MY-010068] [Server] CA certificate ca.pem is self signed.
2020-08-25T12:46:49.045833Z 0 [System] [MY-013602] [Server] Channel mysql_main configured to support TLS. Encrypted connections are now supported for this channel.
2020-08-25T12:46:49.080489Z 0 [ERROR] [MY-000067] [Server] unknown variable 'default-character-set=utf8'.
2020-08-25T12:46:49.084718Z 0 [ERROR] [MY-010119] [Server] Aborting
2020-08-25T12:46:50.728126Z 0 [System] [MY-010910] [Server] F:\Soft\ZMWSPortable\App\ZMWS\mySQL\bin\mysqld.exe: Shutdown complete (mysqld 8.0.21)  MySQL Community Server - GPL.
2020-08-25T12:48:55.025890Z 0 [System] [MY-013169] [Server] F:\Soft\ZMWSPortable\App\ZMWS\mySQL\bin\mysqld.exe (mysqld 8.0.21) initializing of server in progress as process 9660
2020-08-25T12:48:55.033998Z 0 [ERROR] [MY-010457] [Server] --initialize specified but the data directory has files in it. Aborting.
2020-08-25T12:48:55.034624Z 0 [ERROR] [MY-013236] [Server] The designated data directory F:\Soft\ZMWSPortable\App\ZMWS\mySQL\data\ is unusable. You can remove all files that the server added to it.
2020-08-25T12:48:55.044654Z 0 [ERROR] [MY-010119] [Server] Aborting
2020-08-25T12:48:55.046386Z 0 [System] [MY-010910] [Server] F:\Soft\ZMWSPortable\App\ZMWS\mySQL\bin\mysqld.exe: Shutdown complete (mysqld 8.0.21)  MySQL Community Server - GPL.
2020-08-25T12:50:51.815187Z 0 [System] [MY-013169] [Server] F:\Soft\ZMWSPortable\App\ZMWS\mySQL\bin\mysqld.exe (mysqld 8.0.21) initializing of server in progress as process 1704
2020-08-25T12:50:51.824659Z 0 [ERROR] [MY-010457] [Server] --initialize specified but the data directory has files in it. Aborting.
2020-08-25T12:50:51.825273Z 0 [ERROR] [MY-013236] [Server] The designated data directory F:\Soft\ZMWSPortable\App\ZMWS\mySQL\data\ is unusable. You can remove all files that the server added to it.
2020-08-25T12:50:51.834399Z 0 [ERROR] [MY-010119] [Server] Aborting
2020-08-25T12:50:51.836019Z 0 [System] [MY-010910] [Server] F:\Soft\ZMWSPortable\App\ZMWS\mySQL\bin\mysqld.exe: Shutdown complete (mysqld 8.0.21)  MySQL Community Server - GPL.
2020-08-25T12:56:04.229256Z 0 [System] [MY-013169] [Server] F:\Soft\ZMWSPortable\App\ZMWS\mySQL\bin\mysqld.exe (mysqld 8.0.21) initializing of server in progress as process 9212
2020-08-25T12:56:04.237528Z 0 [ERROR] [MY-010457] [Server] --initialize specified but the data directory has files in it. Aborting.
2020-08-25T12:56:04.238094Z 0 [ERROR] [MY-013236] [Server] The designated data directory F:\Soft\ZMWSPortable\App\ZMWS\mySQL\data\ is unusable. You can remove all files that the server added to it.
2020-08-25T12:56:04.249489Z 0 [ERROR] [MY-010119] [Server] Aborting
2020-08-25T12:56:04.251122Z 0 [System] [MY-010910] [Server] F:\Soft\ZMWSPortable\App\ZMWS\mySQL\bin\mysqld.exe: Shutdown complete (mysqld 8.0.21)  MySQL Community Server - GPL.
2020-08-25T13:00:32.393086Z 0 [System] [MY-013169] [Server] F:\Soft\ZMWSPortable\App\ZMWS\mySQL\bin\mysqld.exe (mysqld 8.0.21) initializing of server in progress as process 8380
2020-08-25T13:00:32.408391Z 0 [ERROR] [MY-010457] [Server] --initialize specified but the data directory has files in it. Aborting.
2020-08-25T13:00:32.409146Z 0 [ERROR] [MY-013236] [Server] The designated data directory F:\Soft\ZMWSPortable\App\ZMWS\mySQL\data\ is unusable. You can remove all files that the server added to it.
2020-08-25T13:00:32.422487Z 0 [ERROR] [MY-010119] [Server] Aborting
2020-08-25T13:00:32.424561Z 0 [System] [MY-010910] [Server] F:\Soft\ZMWSPortable\App\ZMWS\mySQL\bin\mysqld.exe: Shutdown complete (mysqld 8.0.21)  MySQL Community Server - GPL.
2020-08-25T13:02:55.054922Z 0 [System] [MY-013169] [Server] F:\Soft\ZMWSPortable\App\ZMWS\mySQL\bin\mysqld.exe (mysqld 8.0.21) initializing of server in progress as process 5084
2020-08-25T13:02:55.065578Z 0 [ERROR] [MY-010457] [Server] --initialize specified but the data directory has files in it. Aborting.
2020-08-25T13:02:55.066235Z 0 [ERROR] [MY-013236] [Server] The designated data directory F:\Soft\ZMWSPortable\App\ZMWS\mySQL\data\ is unusable. You can remove all files that the server added to it.
2020-08-25T13:02:55.076098Z 0 [ERROR] [MY-010119] [Server] Aborting
2020-08-25T13:02:55.080753Z 0 [System] [MY-010910] [Server] F:\Soft\ZMWSPortable\App\ZMWS\mySQL\bin\mysqld.exe: Shutdown complete (mysqld 8.0.21)  MySQL Community Server - GPL.
2020-08-25T13:07:54.328691Z 0 [System] [MY-013169] [Server] F:\Soft\ZMWSPortable\App\ZMWS\mySQL\bin\mysqld.exe (mysqld 8.0.21) initializing of server in progress as process 1716
2020-08-25T13:07:54.337771Z 0 [ERROR] [MY-010457] [Server] --initialize specified but the data directory has files in it. Aborting.
2020-08-25T13:07:54.338577Z 0 [ERROR] [MY-013236] [Server] The designated data directory F:\Soft\ZMWSPortable\App\ZMWS\mySQL\data\ is unusable. You can remove all files that the server added to it.
2020-08-25T13:07:54.350687Z 0 [ERROR] [MY-010119] [Server] Aborting
2020-08-25T13:07:54.352378Z 0 [System] [MY-010910] [Server] F:\Soft\ZMWSPortable\App\ZMWS\mySQL\bin\mysqld.exe: Shutdown complete (mysqld 8.0.21)  MySQL Community Server - GPL.
2020-08-25T13:34:39.188708Z 0 [System] [MY-013169] [Server] F:\Soft\ZMWSPortable\App\ZMWS\mySQL\bin\mysqld.exe (mysqld 8.0.21) initializing of server in progress as process 7152
2020-08-25T13:34:39.271827Z 0 [ERROR] [MY-010457] [Server] --initialize specified but the data directory has files in it. Aborting.
2020-08-25T13:34:39.272530Z 0 [ERROR] [MY-013236] [Server] The designated data directory F:\Soft\ZMWSPortable\App\ZMWS\mySQL\data\ is unusable. You can remove all files that the server added to it.
2020-08-25T13:34:39.291804Z 0 [ERROR] [MY-010119] [Server] Aborting
2020-08-25T13:34:39.335923Z 0 [System] [MY-010910] [Server] F:\Soft\ZMWSPortable\App\ZMWS\mySQL\bin\mysqld.exe: Shutdown complete (mysqld 8.0.21)  MySQL Community Server - GPL.
2020-08-25T13:36:55.739773Z 0 [System] [MY-013169] [Server] F:\Soft\ZMWSPortable\App\ZMWS\mySQL\bin\mysqld.exe (mysqld 8.0.21) initializing of server in progress as process 1148
2020-08-25T13:36:55.822914Z 0 [ERROR] [MY-010457] [Server] --initialize specified but the data directory has files in it. Aborting.
2020-08-25T13:36:55.823576Z 0 [ERROR] [MY-013236] [Server] The designated data directory F:\Soft\ZMWSPortable\App\ZMWS\mySQL\data\ is unusable. You can remove all files that the server added to it.
2020-08-25T13:36:55.842857Z 0 [ERROR] [MY-010119] [Server] Aborting
2020-08-25T13:36:55.886975Z 0 [System] [MY-010910] [Server] F:\Soft\ZMWSPortable\App\ZMWS\mySQL\bin\mysqld.exe: Shutdown complete (mysqld 8.0.21)  MySQL Community Server - GPL.
2020-08-25T13:40:13.753489Z 0 [System] [MY-013169] [Server] F:\Soft\ZMWSPortable\App\ZMWS\mySQL\bin\mysqld.exe (mysqld 8.0.21) initializing of server in progress as process 9224
2020-08-25T13:40:13.771735Z 0 [ERROR] [MY-010457] [Server] --initialize specified but the data directory has files in it. Aborting.
2020-08-25T13:40:13.772371Z 0 [ERROR] [MY-013236] [Server] The designated data directory F:\Soft\ZMWSPortable\App\ZMWS\mySQL\data\ is unusable. You can remove all files that the server added to it.
2020-08-25T13:40:13.782722Z 0 [ERROR] [MY-010119] [Server] Aborting
2020-08-25T13:40:13.784421Z 0 [System] [MY-010910] [Server] F:\Soft\ZMWSPortable\App\ZMWS\mySQL\bin\mysqld.exe: Shutdown complete (mysqld 8.0.21)  MySQL Community Server - GPL.
2020-08-25T13:41:48.654657Z 0 [System] [MY-013169] [Server] F:\Soft\ZMWSPortable\App\ZMWS\mySQL\bin\mysqld.exe (mysqld 8.0.21) initializing of server in progress as process 10844
2020-08-25T13:41:48.667214Z 0 [ERROR] [MY-010457] [Server] --initialize specified but the data directory has files in it. Aborting.
2020-08-25T13:41:48.667946Z 0 [ERROR] [MY-013236] [Server] The designated data directory F:\Soft\ZMWSPortable\App\ZMWS\mySQL\data\ is unusable. You can remove all files that the server added to it.
2020-08-25T13:41:48.679569Z 0 [ERROR] [MY-010119] [Server] Aborting
2020-08-25T13:41:48.681210Z 0 [System] [MY-010910] [Server] F:\Soft\ZMWSPortable\App\ZMWS\mySQL\bin\mysqld.exe: Shutdown complete (mysqld 8.0.21)  MySQL Community Server - GPL.
2020-08-25T14:03:38.079187Z 0 [System] [MY-013169] [Server] F:\Soft\ZMWSPortable\App\ZMWS\mySQL\bin\mysqld.exe (mysqld 8.0.21) initializing of server in progress as process 1544
2020-08-25T14:03:38.087989Z 0 [ERROR] [MY-010457] [Server] --initialize specified but the data directory has files in it. Aborting.
2020-08-25T14:03:38.088716Z 0 [ERROR] [MY-013236] [Server] The designated data directory F:\Soft\ZMWSPortable\App\ZMWS\mySQL\data\ is unusable. You can remove all files that the server added to it.
2020-08-25T14:03:38.098270Z 0 [ERROR] [MY-010119] [Server] Aborting
2020-08-25T14:03:38.100000Z 0 [System] [MY-010910] [Server] F:\Soft\ZMWSPortable\App\ZMWS\mySQL\bin\mysqld.exe: Shutdown complete (mysqld 8.0.21)  MySQL Community Server - GPL.
2020-08-25T14:36:29.052443Z 0 [System] [MY-013169] [Server] F:\Soft\ZMWSPortable\App\ZMWS\mySQL\bin\mysqld.exe (mysqld 8.0.21) initializing of server in progress as process 9316
2020-08-25T14:36:29.067112Z 0 [ERROR] [MY-010457] [Server] --initialize specified but the data directory has files in it. Aborting.
2020-08-25T14:36:29.067781Z 0 [ERROR] [MY-013236] [Server] The designated data directory F:\Soft\ZMWSPortable\App\ZMWS\mySQL\data\ is unusable. You can remove all files that the server added to it.
2020-08-25T14:36:29.084176Z 0 [ERROR] [MY-010119] [Server] Aborting
2020-08-25T14:36:29.085930Z 0 [System] [MY-010910] [Server] F:\Soft\ZMWSPortable\App\ZMWS\mySQL\bin\mysqld.exe: Shutdown complete (mysqld 8.0.21)  MySQL Community Server - GPL.
2020-08-25T14:43:04.582494Z 0 [System] [MY-013169] [Server] F:\Soft\ZMWSPortable\App\ZMWS\mySQL\bin\mysqld.exe (mysqld 8.0.21) initializing of server in progress as process 1164
2020-08-25T14:43:04.597647Z 0 [ERROR] [MY-010457] [Server] --initialize specified but the data directory has files in it. Aborting.
2020-08-25T14:43:04.598231Z 0 [ERROR] [MY-013236] [Server] The designated data directory F:\Soft\ZMWSPortable\App\ZMWS\mySQL\data\ is unusable. You can remove all files that the server added to it.
2020-08-25T14:43:04.607504Z 0 [ERROR] [MY-010119] [Server] Aborting
2020-08-25T14:43:04.609205Z 0 [System] [MY-010910] [Server] F:\Soft\ZMWSPortable\App\ZMWS\mySQL\bin\mysqld.exe: Shutdown complete (mysqld 8.0.21)  MySQL Community Server - GPL.
2020-08-25T14:50:37.424713Z 0 [System] [MY-013169] [Server] F:\Soft\ZMWSPortable\App\ZMWS\mySQL\bin\mysqld.exe (mysqld 8.0.21) initializing of server in progress as process 6124
2020-08-25T14:50:37.433276Z 0 [ERROR] [MY-010457] [Server] --initialize specified but the data directory has files in it. Aborting.
2020-08-25T14:50:37.433862Z 0 [ERROR] [MY-013236] [Server] The designated data directory F:\Soft\ZMWSPortable\App\ZMWS\mySQL\data\ is unusable. You can remove all files that the server added to it.
2020-08-25T14:50:37.442994Z 0 [ERROR] [MY-010119] [Server] Aborting
2020-08-25T14:50:37.444594Z 0 [System] [MY-010910] [Server] F:\Soft\ZMWSPortable\App\ZMWS\mySQL\bin\mysqld.exe: Shutdown complete (mysqld 8.0.21)  MySQL Community Server - GPL.
2020-08-25T14:57:53.650574Z 0 [System] [MY-013169] [Server] F:\Soft\ZMWSPortable\App\ZMWS\mySQL\bin\mysqld.exe (mysqld 8.0.21) initializing of server in progress as process 10148
2020-08-25T14:57:53.681923Z 0 [ERROR] [MY-010457] [Server] --initialize specified but the data directory has files in it. Aborting.
2020-08-25T14:57:53.682606Z 0 [ERROR] [MY-013236] [Server] The designated data directory F:\Soft\ZMWSPortable\App\ZMWS\mySQL\data\ is unusable. You can remove all files that the server added to it.
2020-08-25T14:57:53.701379Z 0 [ERROR] [MY-010119] [Server] Aborting
2020-08-25T14:57:53.703049Z 0 [System] [MY-010910] [Server] F:\Soft\ZMWSPortable\App\ZMWS\mySQL\bin\mysqld.exe: Shutdown complete (mysqld 8.0.21)  MySQL Community Server - GPL.
2020-08-25T16:17:39.046436Z 0 [System] [MY-013169] [Server] F:\Soft\ZMWSPortable\App\ZMWS\mySQL\bin\mysqld.exe (mysqld 8.0.21) initializing of server in progress as process 7872
2020-08-25T16:17:39.066687Z 0 [ERROR] [MY-010457] [Server] --initialize specified but the data directory has files in it. Aborting.
2020-08-25T16:17:39.067351Z 0 [ERROR] [MY-013236] [Server] The designated data directory F:\Soft\ZMWSPortable\App\ZMWS\mySQL\data\ is unusable. You can remove all files that the server added to it.
2020-08-25T16:17:39.086380Z 0 [ERROR] [MY-010119] [Server] Aborting
2020-08-25T16:17:39.088199Z 0 [System] [MY-010910] [Server] F:\Soft\ZMWSPortable\App\ZMWS\mySQL\bin\mysqld.exe: Shutdown complete (mysqld 8.0.21)  MySQL Community Server - GPL.
2020-08-25T16:19:01.502144Z 0 [System] [MY-013169] [Server] F:\Soft\ZMWSPortable\App\ZMWS\mySQL\bin\mysqld.exe (mysqld 8.0.21) initializing of server in progress as process 11140
2020-08-25T16:19:01.512511Z 0 [ERROR] [MY-010457] [Server] --initialize specified but the data directory has files in it. Aborting.
2020-08-25T16:19:01.513597Z 0 [ERROR] [MY-013236] [Server] The designated data directory F:\Soft\ZMWSPortable\App\ZMWS\mySQL\data\ is unusable. You can remove all files that the server added to it.
2020-08-25T16:19:01.522974Z 0 [ERROR] [MY-010119] [Server] Aborting
2020-08-25T16:19:01.524611Z 0 [System] [MY-010910] [Server] F:\Soft\ZMWSPortable\App\ZMWS\mySQL\bin\mysqld.exe: Shutdown complete (mysqld 8.0.21)  MySQL Community Server - GPL.
2020-08-25T16:27:15.999822Z 0 [System] [MY-013169] [Server] F:\Soft\ZMWSPortable\App\ZMWS\mySQL\bin\mysqld.exe (mysqld 8.0.21) initializing of server in progress as process 4064
2020-08-25T16:27:16.008409Z 0 [ERROR] [MY-010457] [Server] --initialize specified but the data directory has files in it. Aborting.
2020-08-25T16:27:16.008978Z 0 [ERROR] [MY-013236] [Server] The designated data directory F:\Soft\ZMWSPortable\App\ZMWS\mySQL\data\ is unusable. You can remove all files that the server added to it.
2020-08-25T16:27:16.018759Z 0 [ERROR] [MY-010119] [Server] Aborting
2020-08-25T16:27:16.020517Z 0 [System] [MY-010910] [Server] F:\Soft\ZMWSPortable\App\ZMWS\mySQL\bin\mysqld.exe: Shutdown complete (mysqld 8.0.21)  MySQL Community Server - GPL.
2020-08-25T16:43:16.865975Z 0 [System] [MY-013169] [Server] F:\Soft\ZMWSPortable\App\ZMWS\mySQL\bin\mysqld.exe (mysqld 8.0.21) initializing of server in progress as process 10436
2020-08-25T16:43:16.876763Z 0 [ERROR] [MY-010457] [Server] --initialize specified but the data directory has files in it. Aborting.
2020-08-25T16:43:16.877670Z 0 [ERROR] [MY-013236] [Server] The designated data directory F:\Soft\ZMWSPortable\App\ZMWS\mySQL\data\ is unusable. You can remove all files that the server added to it.
2020-08-25T16:43:16.889572Z 0 [ERROR] [MY-010119] [Server] Aborting
2020-08-25T16:43:16.891272Z 0 [System] [MY-010910] [Server] F:\Soft\ZMWSPortable\App\ZMWS\mySQL\bin\mysqld.exe: Shutdown complete (mysqld 8.0.21)  MySQL Community Server - GPL.
2020-08-25T16:44:48.191156Z 0 [System] [MY-013169] [Server] F:\Soft\ZMWSPortable\App\ZMWS\mySQL\bin\mysqld.exe (mysqld 8.0.21) initializing of server in progress as process 5840
2020-08-25T16:44:48.201982Z 0 [ERROR] [MY-010457] [Server] --initialize specified but the data directory has files in it. Aborting.
2020-08-25T16:44:48.202644Z 0 [ERROR] [MY-013236] [Server] The designated data directory F:\Soft\ZMWSPortable\App\ZMWS\mySQL\data\ is unusable. You can remove all files that the server added to it.
2020-08-25T16:44:48.212242Z 0 [ERROR] [MY-010119] [Server] Aborting
2020-08-25T16:44:48.213911Z 0 [System] [MY-010910] [Server] F:\Soft\ZMWSPortable\App\ZMWS\mySQL\bin\mysqld.exe: Shutdown complete (mysqld 8.0.21)  MySQL Community Server - GPL.
2020-08-25T16:46:37.975004Z 0 [System] [MY-013169] [Server] F:\Soft\ZMWSPortable\App\ZMWS\mySQL\bin\mysqld.exe (mysqld 8.0.21) initializing of server in progress as process 5380
2020-08-25T16:46:37.989447Z 0 [ERROR] [MY-010457] [Server] --initialize specified but the data directory has files in it. Aborting.
2020-08-25T16:46:37.990133Z 0 [ERROR] [MY-013236] [Server] The designated data directory F:\Soft\ZMWSPortable\App\ZMWS\mySQL\data\ is unusable. You can remove all files that the server added to it.
2020-08-25T16:46:38.000078Z 0 [ERROR] [MY-010119] [Server] Aborting
2020-08-25T16:46:38.001676Z 0 [System] [MY-010910] [Server] F:\Soft\ZMWSPortable\App\ZMWS\mySQL\bin\mysqld.exe: Shutdown complete (mysqld 8.0.21)  MySQL Community Server - GPL.
2020-08-25T16:49:45.189720Z 0 [System] [MY-013169] [Server] F:\Soft\ZMWSPortable\App\ZMWS\mySQL\bin\mysqld.exe (mysqld 8.0.21) initializing of server in progress as process 10012
2020-08-25T16:49:45.199267Z 0 [ERROR] [MY-010457] [Server] --initialize specified but the data directory has files in it. Aborting.
2020-08-25T16:49:45.199990Z 0 [ERROR] [MY-013236] [Server] The designated data directory F:\Soft\ZMWSPortable\App\ZMWS\mySQL\data\ is unusable. You can remove all files that the server added to it.
2020-08-25T16:49:45.212767Z 0 [ERROR] [MY-010119] [Server] Aborting
2020-08-25T16:49:45.214511Z 0 [System] [MY-010910] [Server] F:\Soft\ZMWSPortable\App\ZMWS\mySQL\bin\mysqld.exe: Shutdown complete (mysqld 8.0.21)  MySQL Community Server - GPL.
2020-08-25T16:50:06.023923Z 0 [System] [MY-013169] [Server] F:\Soft\ZMWSPortable\App\ZMWS\mySQL\bin\mysqld.exe (mysqld 8.0.21) initializing of server in progress as process 10552
2020-08-25T16:50:06.033333Z 0 [ERROR] [MY-010457] [Server] --initialize specified but the data directory has files in it. Aborting.
2020-08-25T16:50:06.033917Z 0 [ERROR] [MY-013236] [Server] The designated data directory F:\Soft\ZMWSPortable\App\ZMWS\mySQL\data\ is unusable. You can remove all files that the server added to it.
2020-08-25T16:50:06.043153Z 0 [ERROR] [MY-010119] [Server] Aborting
2020-08-25T16:50:06.046824Z 0 [System] [MY-010910] [Server] F:\Soft\ZMWSPortable\App\ZMWS\mySQL\bin\mysqld.exe: Shutdown complete (mysqld 8.0.21)  MySQL Community Server - GPL.
2020-08-25T16:51:32.065332Z 0 [System] [MY-013169] [Server] F:\Soft\ZMWSPortable\App\ZMWS\mySQL\bin\mysqld.exe (mysqld 8.0.21) initializing of server in progress as process 10084
2020-08-25T16:51:32.088918Z 0 [ERROR] [MY-010457] [Server] --initialize specified but the data directory has files in it. Aborting.
2020-08-25T16:51:32.089515Z 0 [ERROR] [MY-013236] [Server] The designated data directory F:\Soft\ZMWSPortable\App\ZMWS\mySQL\data\ is unusable. You can remove all files that the server added to it.
2020-08-25T16:51:32.100833Z 0 [ERROR] [MY-010119] [Server] Aborting
2020-08-25T16:51:32.102418Z 0 [System] [MY-010910] [Server] F:\Soft\ZMWSPortable\App\ZMWS\mySQL\bin\mysqld.exe: Shutdown complete (mysqld 8.0.21)  MySQL Community Server - GPL.
2020-08-25T16:53:31.686851Z 0 [System] [MY-013169] [Server] F:\Soft\ZMWSPortable\App\ZMWS\mySQL\bin\mysqld.exe (mysqld 8.0.21) initializing of server in progress as process 10244
2020-08-25T16:53:31.700677Z 0 [ERROR] [MY-010457] [Server] --initialize specified but the data directory has files in it. Aborting.
2020-08-25T16:53:31.701318Z 0 [ERROR] [MY-013236] [Server] The designated data directory F:\Soft\ZMWSPortable\App\ZMWS\mySQL\data\ is unusable. You can remove all files that the server added to it.
2020-08-25T16:53:31.711610Z 0 [ERROR] [MY-010119] [Server] Aborting
2020-08-25T16:53:31.713888Z 0 [System] [MY-010910] [Server] F:\Soft\ZMWSPortable\App\ZMWS\mySQL\bin\mysqld.exe: Shutdown complete (mysqld 8.0.21)  MySQL Community Server - GPL.
2020-08-25T16:54:39.710750Z 0 [System] [MY-013169] [Server] F:\Soft\ZMWSPortable\App\ZMWS\mySQL\bin\mysqld.exe (mysqld 8.0.21) initializing of server in progress as process 9488
2020-08-25T16:54:39.721860Z 0 [ERROR] [MY-010457] [Server] --initialize specified but the data directory has files in it. Aborting.
2020-08-25T16:54:39.722475Z 0 [ERROR] [MY-013236] [Server] The designated data directory F:\Soft\ZMWSPortable\App\ZMWS\mySQL\data\ is unusable. You can remove all files that the server added to it.
2020-08-25T16:54:39.732183Z 0 [ERROR] [MY-010119] [Server] Aborting
2020-08-25T16:54:39.734543Z 0 [System] [MY-010910] [Server] F:\Soft\ZMWSPortable\App\ZMWS\mySQL\bin\mysqld.exe: Shutdown complete (mysqld 8.0.21)  MySQL Community Server - GPL.
2020-08-25T16:55:58.133088Z 0 [System] [MY-013169] [Server] F:\Soft\ZMWSPortable\App\ZMWS\mySQL\bin\mysqld.exe (mysqld 8.0.21) initializing of server in progress as process 8964
2020-08-25T16:55:58.178847Z 0 [ERROR] [MY-010457] [Server] --initialize specified but the data directory has files in it. Aborting.
2020-08-25T16:55:58.179436Z 0 [ERROR] [MY-013236] [Server] The designated data directory F:\Soft\ZMWSPortable\App\ZMWS\mySQL\data\ is unusable. You can remove all files that the server added to it.
2020-08-25T16:55:58.190306Z 0 [ERROR] [MY-010119] [Server] Aborting
2020-08-25T16:55:58.192201Z 0 [System] [MY-010910] [Server] F:\Soft\ZMWSPortable\App\ZMWS\mySQL\bin\mysqld.exe: Shutdown complete (mysqld 8.0.21)  MySQL Community Server - GPL.
2020-08-25T16:57:30.691142Z 0 [System] [MY-013169] [Server] F:\Soft\ZMWSPortable\App\ZMWS\mySQL\bin\mysqld.exe (mysqld 8.0.21) initializing of server in progress as process 4296
2020-08-25T16:57:30.707217Z 0 [ERROR] [MY-010457] [Server] --initialize specified but the data directory has files in it. Aborting.
2020-08-25T16:57:30.707862Z 0 [ERROR] [MY-013236] [Server] The designated data directory F:\Soft\ZMWSPortable\App\ZMWS\mySQL\data\ is unusable. You can remove all files that the server added to it.
2020-08-25T16:57:30.717524Z 0 [ERROR] [MY-010119] [Server] Aborting
2020-08-25T16:57:30.722493Z 0 [System] [MY-010910] [Server] F:\Soft\ZMWSPortable\App\ZMWS\mySQL\bin\mysqld.exe: Shutdown complete (mysqld 8.0.21)  MySQL Community Server - GPL.
2020-08-25T17:01:40.017709Z 0 [System] [MY-013169] [Server] F:\Soft\ZMWSPortable\App\ZMWS\mySQL\bin\mysqld.exe (mysqld 8.0.21) initializing of server in progress as process 68
2020-08-25T17:01:40.043640Z 0 [ERROR] [MY-010457] [Server] --initialize specified but the data directory has files in it. Aborting.
2020-08-25T17:01:40.044257Z 0 [ERROR] [MY-013236] [Server] The designated data directory F:\Soft\ZMWSPortable\App\ZMWS\mySQL\data\ is unusable. You can remove all files that the server added to it.
2020-08-25T17:01:40.054921Z 0 [ERROR] [MY-010119] [Server] Aborting
2020-08-25T17:01:40.056834Z 0 [System] [MY-010910] [Server] F:\Soft\ZMWSPortable\App\ZMWS\mySQL\bin\mysqld.exe: Shutdown complete (mysqld 8.0.21)  MySQL Community Server - GPL.
2020-08-25T17:03:06.364820Z 0 [System] [MY-013169] [Server] F:\Soft\ZMWSPortable\App\ZMWS\mySQL\bin\mysqld.exe (mysqld 8.0.21) initializing of server in progress as process 10584
2020-08-25T17:03:06.390570Z 0 [ERROR] [MY-010457] [Server] --initialize specified but the data directory has files in it. Aborting.
2020-08-25T17:03:06.391463Z 0 [ERROR] [MY-013236] [Server] The designated data directory F:\Soft\ZMWSPortable\App\ZMWS\mySQL\data\ is unusable. You can remove all files that the server added to it.
2020-08-25T17:03:06.404167Z 0 [ERROR] [MY-010119] [Server] Aborting
2020-08-25T17:03:06.406347Z 0 [System] [MY-010910] [Server] F:\Soft\ZMWSPortable\App\ZMWS\mySQL\bin\mysqld.exe: Shutdown complete (mysqld 8.0.21)  MySQL Community Server - GPL.
2020-08-25T17:43:21.771214Z 0 [System] [MY-013169] [Server] F:\Soft\ZMWSPortable\App\ZMWS\mySQL\bin\mysqld (mysqld 8.0.21) initializing of server in progress as process 8744
2020-08-25T17:43:21.780545Z 0 [ERROR] [MY-010457] [Server] --initialize specified but the data directory has files in it. Aborting.
2020-08-25T17:43:21.781154Z 0 [ERROR] [MY-013236] [Server] The designated data directory F:\Soft\ZMWSPortable\App\ZMWS\mySQL\data\ is unusable. You can remove all files that the server added to it.
2020-08-25T17:43:21.790158Z 0 [ERROR] [MY-010119] [Server] Aborting
2020-08-25T17:43:21.791746Z 0 [System] [MY-010910] [Server] F:\Soft\ZMWSPortable\App\ZMWS\mySQL\bin\mysqld: Shutdown complete (mysqld 8.0.21)  MySQL Community Server - GPL.
2020-08-25T17:47:02.797900Z 0 [System] [MY-013169] [Server] F:\Soft\ZMWSPortable\App\ZMWS\mySQL\bin\mysqld (mysqld 8.0.21) initializing of server in progress as process 9860
2020-08-25T17:47:02.807537Z 0 [ERROR] [MY-010457] [Server] --initialize specified but the data directory has files in it. Aborting.
2020-08-25T17:47:02.808177Z 0 [ERROR] [MY-013236] [Server] The designated data directory F:\Soft\ZMWSPortable\App\ZMWS\mySQL\data\ is unusable. You can remove all files that the server added to it.
2020-08-25T17:47:02.817757Z 0 [ERROR] [MY-010119] [Server] Aborting
2020-08-25T17:47:02.819434Z 0 [System] [MY-010910] [Server] F:\Soft\ZMWSPortable\App\ZMWS\mySQL\bin\mysqld: Shutdown complete (mysqld 8.0.21)  MySQL Community Server - GPL.
2020-08-25T17:47:33.925911Z 0 [System] [MY-013169] [Server] F:\Soft\ZMWSPortable\App\ZMWS\mySQL\bin\mysqld (mysqld 8.0.21) initializing of server in progress as process 6912
2020-08-25T17:47:33.934659Z 0 [ERROR] [MY-010457] [Server] --initialize specified but the data directory has files in it. Aborting.
2020-08-25T17:47:33.935182Z 0 [ERROR] [MY-013236] [Server] The designated data directory F:\Soft\ZMWSPortable\App\ZMWS\mySQL\data\ is unusable. You can remove all files that the server added to it.
2020-08-25T17:47:33.944467Z 0 [ERROR] [MY-010119] [Server] Aborting
2020-08-25T17:47:33.946089Z 0 [System] [MY-010910] [Server] F:\Soft\ZMWSPortable\App\ZMWS\mySQL\bin\mysqld: Shutdown complete (mysqld 8.0.21)  MySQL Community Server - GPL.
2020-08-25T17:48:05.506544Z 0 [System] [MY-013169] [Server] F:\Soft\ZMWSPortable\App\ZMWS\mySQL\bin\mysqld.exe (mysqld 8.0.21) initializing of server in progress as process 3152
2020-08-25T17:48:05.516072Z 0 [ERROR] [MY-010457] [Server] --initialize specified but the data directory has files in it. Aborting.
2020-08-25T17:48:05.516616Z 0 [ERROR] [MY-013236] [Server] The designated data directory F:\Soft\ZMWSPortable\App\ZMWS\mySQL\data\ is unusable. You can remove all files that the server added to it.
2020-08-25T17:48:05.525401Z 0 [ERROR] [MY-010119] [Server] Aborting
2020-08-25T17:48:05.526946Z 0 [System] [MY-010910] [Server] F:\Soft\ZMWSPortable\App\ZMWS\mySQL\bin\mysqld.exe: Shutdown complete (mysqld 8.0.21)  MySQL Community Server - GPL.
2020-08-25T17:49:57.016549Z 0 [System] [MY-013169] [Server] F:\Soft\ZMWSPortable\App\ZMWS\mySQL\bin\mysqld (mysqld 8.0.21) initializing of server in progress as process 1272
2020-08-25T17:49:57.025334Z 0 [ERROR] [MY-010457] [Server] --initialize specified but the data directory has files in it. Aborting.
2020-08-25T17:49:57.025854Z 0 [ERROR] [MY-013236] [Server] The designated data directory F:\Soft\ZMWSPortable\App\ZMWS\mySQL\data\ is unusable. You can remove all files that the server added to it.
2020-08-25T17:49:57.035239Z 0 [ERROR] [MY-010119] [Server] Aborting
2020-08-25T17:49:57.036803Z 0 [System] [MY-010910] [Server] F:\Soft\ZMWSPortable\App\ZMWS\mySQL\bin\mysqld: Shutdown complete (mysqld 8.0.21)  MySQL Community Server - GPL.
2020-08-25T17:54:13.193561Z 0 [System] [MY-013169] [Server] F:\Soft\ZMWSPortable\App\ZMWS\mySQL\bin\mysqld.exe (mysqld 8.0.21) initializing of server in progress as process 6812
2020-08-25T17:54:13.206179Z 0 [ERROR] [MY-010457] [Server] --initialize specified but the data directory has files in it. Aborting.
2020-08-25T17:54:13.206862Z 0 [ERROR] [MY-013236] [Server] The designated data directory F:\Soft\ZMWSPortable\App\ZMWS\mySQL\data\ is unusable. You can remove all files that the server added to it.
2020-08-25T17:54:13.216860Z 0 [ERROR] [MY-010119] [Server] Aborting
2020-08-25T17:54:13.218547Z 0 [System] [MY-010910] [Server] F:\Soft\ZMWSPortable\App\ZMWS\mySQL\bin\mysqld.exe: Shutdown complete (mysqld 8.0.21)  MySQL Community Server - GPL.
2020-08-25T17:55:58.523158Z 0 [System] [MY-013169] [Server] F:\Soft\ZMWSPortable\App\ZMWS\mySQL\bin\mysqld.exe (mysqld 8.0.21) initializing of server in progress as process 2600
2020-08-25T17:55:58.539946Z 0 [ERROR] [MY-010457] [Server] --initialize specified but the data directory has files in it. Aborting.
2020-08-25T17:55:58.540823Z 0 [ERROR] [MY-013236] [Server] The designated data directory F:\Soft\ZMWSPortable\App\ZMWS\mySQL\data\ is unusable. You can remove all files that the server added to it.
2020-08-25T17:55:58.549870Z 0 [ERROR] [MY-010119] [Server] Aborting
2020-08-25T17:55:58.553653Z 0 [System] [MY-010910] [Server] F:\Soft\ZMWSPortable\App\ZMWS\mySQL\bin\mysqld.exe: Shutdown complete (mysqld 8.0.21)  MySQL Community Server - GPL.
2020-08-25T18:04:57.519907Z 0 [System] [MY-013169] [Server] F:\Soft\ZMWSPortable\App\ZMWS\mySQL\bin\mysqld (mysqld 8.0.21) initializing of server in progress as process 4692
2020-08-25T18:04:57.529557Z 0 [ERROR] [MY-010457] [Server] --initialize specified but the data directory has files in it. Aborting.
2020-08-25T18:04:57.530124Z 0 [ERROR] [MY-013236] [Server] The designated data directory F:\Soft\ZMWSPortable\App\ZMWS\mySQL\data\ is unusable. You can remove all files that the server added to it.
2020-08-25T18:04:57.538988Z 0 [ERROR] [MY-010119] [Server] Aborting
2020-08-25T18:04:57.540705Z 0 [System] [MY-010910] [Server] F:\Soft\ZMWSPortable\App\ZMWS\mySQL\bin\mysqld: Shutdown complete (mysqld 8.0.21)  MySQL Community Server - GPL.
2020-08-25T18:06:29.333793Z 0 [System] [MY-013169] [Server] F:\Soft\ZMWSPortable\App\ZMWS\mySQL\bin\mysqld (mysqld 8.0.21) initializing of server in progress as process 9264
2020-08-25T18:06:29.342958Z 0 [ERROR] [MY-010457] [Server] --initialize specified but the data directory has files in it. Aborting.
2020-08-25T18:06:29.343478Z 0 [ERROR] [MY-013236] [Server] The designated data directory F:\Soft\ZMWSPortable\App\ZMWS\mySQL\data\ is unusable. You can remove all files that the server added to it.
2020-08-25T18:06:29.352207Z 0 [ERROR] [MY-010119] [Server] Aborting
2020-08-25T18:06:29.353750Z 0 [System] [MY-010910] [Server] F:\Soft\ZMWSPortable\App\ZMWS\mySQL\bin\mysqld: Shutdown complete (mysqld 8.0.21)  MySQL Community Server - GPL.
2020-09-04T12:35:12.069650Z 0 [System] [MY-013169] [Server] C:\Users\Eric\Desktop\ZMWSPortable\App\ZMWS\mySQL\bin\mysqld (mysqld 8.0.21) initializing of server in progress as process 6832
2020-09-04T12:35:12.102958Z 0 [ERROR] [MY-010457] [Server] --initialize specified but the data directory has files in it. Aborting.
2020-09-04T12:35:12.105663Z 0 [ERROR] [MY-013236] [Server] The designated data directory C:\Users\Eric\Desktop\ZMWSPortable\App\ZMWS\mySQL\data\ is unusable. You can remove all files that the server added to it.
2020-09-04T12:35:12.133970Z 0 [ERROR] [MY-010119] [Server] Aborting
2020-09-04T12:35:12.136609Z 0 [System] [MY-010910] [Server] C:\Users\Eric\Desktop\ZMWSPortable\App\ZMWS\mySQL\bin\mysqld: Shutdown complete (mysqld 8.0.21)  MySQL Community Server - GPL.
2020-09-04T12:36:02.569088Z 0 [System] [MY-013169] [Server] C:\Users\Eric\Desktop\ZMWSPortable\App\ZMWS\mySQL\bin\mysqld.exe (mysqld 8.0.21) initializing of server in progress as process 8160
2020-09-04T12:36:02.596528Z 0 [ERROR] [MY-010457] [Server] --initialize specified but the data directory has files in it. Aborting.
2020-09-04T12:36:02.625185Z 0 [ERROR] [MY-013236] [Server] The designated data directory C:\Users\Eric\Desktop\ZMWSPortable\App\ZMWS\mySQL\data\ is unusable. You can remove all files that the server added to it.
2020-09-04T12:36:02.638854Z 0 [ERROR] [MY-010119] [Server] Aborting
2020-09-04T12:36:02.647599Z 0 [System] [MY-010910] [Server] C:\Users\Eric\Desktop\ZMWSPortable\App\ZMWS\mySQL\bin\mysqld.exe: Shutdown complete (mysqld 8.0.21)  MySQL Community Server - GPL.
2020-09-04T12:39:38.248797Z 0 [System] [MY-013169] [Server] C:\Users\Eric\Desktop\ZMWSPortable\App\ZMWS\mySQL\bin\mysqld (mysqld 8.0.21) initializing of server in progress as process 4332
2020-09-04T12:39:38.259944Z 0 [ERROR] [MY-010457] [Server] --initialize specified but the data directory has files in it. Aborting.
2020-09-04T12:39:38.281607Z 0 [ERROR] [MY-013236] [Server] The designated data directory C:\Users\Eric\Desktop\ZMWSPortable\App\ZMWS\mySQL\data\ is unusable. You can remove all files that the server added to it.
2020-09-04T12:39:38.294296Z 0 [ERROR] [MY-010119] [Server] Aborting
2020-09-04T12:39:38.296290Z 0 [System] [MY-010910] [Server] C:\Users\Eric\Desktop\ZMWSPortable\App\ZMWS\mySQL\bin\mysqld: Shutdown complete (mysqld 8.0.21)  MySQL Community Server - GPL.
