2022-11-23T08:08:10.656954Z 0 [System] [MY-013169] [Server] E:\logiciel\ZMWSPortable\App\ZMWS\mySQL\bin\mysqld (mysqld 8.0.21) initializing of server in progress as process 4936
2022-11-23T08:08:10.898862Z 0 [ERROR] [MY-010457] [Server] --initialize specified but the data directory has files in it. Aborting.
2022-11-23T08:08:10.957414Z 0 [ERROR] [MY-013236] [Server] The designated data directory E:\logiciel\ZMWSPortable\App\ZMWS\mySQL\data\ is unusable. You can remove all files that the server added to it.
2022-11-23T08:08:10.964919Z 0 [ERROR] [MY-010119] [Server] Aborting
2022-11-23T08:08:10.991415Z 0 [System] [MY-010910] [Server] E:\logiciel\ZMWSPortable\App\ZMWS\mySQL\bin\mysqld: Shutdown complete (mysqld 8.0.21)  MySQL Community Server - GPL.
2022-11-23T08:08:12.422186Z 0 [System] [MY-013169] [Server] E:\logiciel\ZMWSPortable\App\ZMWS\mySQL\bin\mysqld.exe (mysqld 8.0.21) initializing of server in progress as process 10888
2022-11-23T08:08:12.425578Z 0 [ERROR] [MY-010457] [Server] --initialize specified but the data directory has files in it. Aborting.
2022-11-23T08:08:12.439093Z 0 [ERROR] [MY-013236] [Server] The designated data directory E:\logiciel\ZMWSPortable\App\ZMWS\mySQL\data\ is unusable. You can remove all files that the server added to it.
2022-11-23T08:08:12.442929Z 0 [ERROR] [MY-010119] [Server] Aborting
2022-11-23T08:08:12.443690Z 0 [System] [MY-010910] [Server] E:\logiciel\ZMWSPortable\App\ZMWS\mySQL\bin\mysqld.exe: Shutdown complete (mysqld 8.0.21)  MySQL Community Server - GPL.
2022-11-23T08:16:31.153311Z 0 [System] [MY-013169] [Server] E:\logiciel\ZMWSPortable\App\ZMWS\mySQL\bin\mysqld (mysqld 8.0.21) initializing of server in progress as process 11248
2022-11-23T08:16:31.181571Z 0 [ERROR] [MY-010457] [Server] --initialize specified but the data directory has files in it. Aborting.
2022-11-23T08:16:31.190742Z 0 [ERROR] [MY-013236] [Server] The designated data directory E:\logiciel\ZMWSPortable\App\ZMWS\mySQL\data\ is unusable. You can remove all files that the server added to it.
2022-11-23T08:16:31.194815Z 0 [ERROR] [MY-010119] [Server] Aborting
2022-11-23T08:16:31.195521Z 0 [System] [MY-010910] [Server] E:\logiciel\ZMWSPortable\App\ZMWS\mySQL\bin\mysqld: Shutdown complete (mysqld 8.0.21)  MySQL Community Server - GPL.
2022-11-23T08:55:58.026644Z 0 [System] [MY-013169] [Server] E:\logiciel\ZMWSPortable\App\ZMWS\mySQL\bin\mysqld (mysqld 8.0.21) initializing of server in progress as process 11028
2022-11-23T08:55:58.030230Z 0 [ERROR] [MY-010457] [Server] --initialize specified but the data directory has files in it. Aborting.
2022-11-23T08:55:58.031884Z 0 [ERROR] [MY-013236] [Server] The designated data directory E:\logiciel\ZMWSPortable\App\ZMWS\mySQL\data\ is unusable. You can remove all files that the server added to it.
2022-11-23T08:55:58.036574Z 0 [ERROR] [MY-010119] [Server] Aborting
2022-11-23T08:55:58.037280Z 0 [System] [MY-010910] [Server] E:\logiciel\ZMWSPortable\App\ZMWS\mySQL\bin\mysqld: Shutdown complete (mysqld 8.0.21)  MySQL Community Server - GPL.
2022-11-23T08:57:12.041207Z 0 [System] [MY-013169] [Server] E:\logiciel\ZMWSPortable\App\ZMWS\mySQL\bin\mysqld (mysqld 8.0.21) initializing of server in progress as process 7344
2022-11-23T08:57:12.045635Z 0 [ERROR] [MY-010457] [Server] --initialize specified but the data directory has files in it. Aborting.
2022-11-23T08:57:12.047369Z 0 [ERROR] [MY-013236] [Server] The designated data directory E:\logiciel\ZMWSPortable\App\ZMWS\mySQL\data\ is unusable. You can remove all files that the server added to it.
2022-11-23T08:57:12.050972Z 0 [ERROR] [MY-010119] [Server] Aborting
2022-11-23T08:57:12.051666Z 0 [System] [MY-010910] [Server] E:\logiciel\ZMWSPortable\App\ZMWS\mySQL\bin\mysqld: Shutdown complete (mysqld 8.0.21)  MySQL Community Server - GPL.
2022-11-23T09:21:52.658050Z 0 [System] [MY-013169] [Server] E:\logiciel\ZMWSPortable\App\ZMWS\mySQL\bin\mysqld (mysqld 8.0.21) initializing of server in progress as process 13300
2022-11-23T09:21:52.662150Z 0 [ERROR] [MY-010457] [Server] --initialize specified but the data directory has files in it. Aborting.
2022-11-23T09:21:52.664408Z 0 [ERROR] [MY-013236] [Server] The designated data directory E:\logiciel\ZMWSPortable\App\ZMWS\mySQL\data\ is unusable. You can remove all files that the server added to it.
2022-11-23T09:21:52.669449Z 0 [ERROR] [MY-010119] [Server] Aborting
2022-11-23T09:21:52.670226Z 0 [System] [MY-010910] [Server] E:\logiciel\ZMWSPortable\App\ZMWS\mySQL\bin\mysqld: Shutdown complete (mysqld 8.0.21)  MySQL Community Server - GPL.
2022-12-14T08:03:59.477222Z 0 [System] [MY-013169] [Server] E:\logiciel\ZMWSPortable\App\ZMWS\mySQL\bin\mysqld (mysqld 8.0.21) initializing of server in progress as process 13028
2022-12-14T08:03:59.653612Z 0 [ERROR] [MY-010457] [Server] --initialize specified but the data directory has files in it. Aborting.
2022-12-14T08:03:59.660896Z 0 [ERROR] [MY-013236] [Server] The designated data directory E:\logiciel\ZMWSPortable\App\ZMWS\mySQL\data\ is unusable. You can remove all files that the server added to it.
2022-12-14T08:03:59.670014Z 0 [ERROR] [MY-010119] [Server] Aborting
2022-12-14T08:03:59.688699Z 0 [System] [MY-010910] [Server] E:\logiciel\ZMWSPortable\App\ZMWS\mySQL\bin\mysqld: Shutdown complete (mysqld 8.0.21)  MySQL Community Server - GPL.
2022-12-14T08:04:00.875886Z 0 [System] [MY-013169] [Server] E:\logiciel\ZMWSPortable\App\ZMWS\mySQL\bin\mysqld.exe (mysqld 8.0.21) initializing of server in progress as process 13304
2022-12-14T08:04:00.879824Z 0 [ERROR] [MY-010457] [Server] --initialize specified but the data directory has files in it. Aborting.
2022-12-14T08:04:00.912209Z 0 [ERROR] [MY-013236] [Server] The designated data directory E:\logiciel\ZMWSPortable\App\ZMWS\mySQL\data\ is unusable. You can remove all files that the server added to it.
2022-12-14T08:04:00.928130Z 0 [ERROR] [MY-010119] [Server] Aborting
2022-12-14T08:04:00.928905Z 0 [System] [MY-010910] [Server] E:\logiciel\ZMWSPortable\App\ZMWS\mySQL\bin\mysqld.exe: Shutdown complete (mysqld 8.0.21)  MySQL Community Server - GPL.
2022-12-14T08:04:44.073774Z 0 [System] [MY-013169] [Server] E:\logiciel\ZMWSPortable\App\ZMWS\mySQL\bin\mysqld (mysqld 8.0.21) initializing of server in progress as process 10584
2022-12-14T08:04:44.078202Z 0 [ERROR] [MY-010457] [Server] --initialize specified but the data directory has files in it. Aborting.
2022-12-14T08:04:44.083852Z 0 [ERROR] [MY-013236] [Server] The designated data directory E:\logiciel\ZMWSPortable\App\ZMWS\mySQL\data\ is unusable. You can remove all files that the server added to it.
2022-12-14T08:04:44.089576Z 0 [ERROR] [MY-010119] [Server] Aborting
2022-12-14T08:04:44.090282Z 0 [System] [MY-010910] [Server] E:\logiciel\ZMWSPortable\App\ZMWS\mySQL\bin\mysqld: Shutdown complete (mysqld 8.0.21)  MySQL Community Server - GPL.
2023-01-03T09:09:13.626748Z 0 [System] [MY-013169] [Server] E:\TG1\NSI\Pokedex\ZMWSPortable\App\ZMWS\mySQL\bin\mysqld.exe (mysqld 8.0.21) initializing of server in progress as process 11124
2023-01-03T09:09:13.691103Z 0 [ERROR] [MY-010457] [Server] --initialize specified but the data directory has files in it. Aborting.
2023-01-03T09:09:13.701735Z 0 [ERROR] [MY-013236] [Server] The designated data directory E:\TG1\NSI\Pokedex\ZMWSPortable\App\ZMWS\mySQL\data\ is unusable. You can remove all files that the server added to it.
2023-01-03T09:09:13.707195Z 0 [ERROR] [MY-010119] [Server] Aborting
2023-01-03T09:09:13.729821Z 0 [System] [MY-010910] [Server] E:\TG1\NSI\Pokedex\ZMWSPortable\App\ZMWS\mySQL\bin\mysqld.exe: Shutdown complete (mysqld 8.0.21)  MySQL Community Server - GPL.
2023-01-03T09:31:16.692628Z 0 [System] [MY-013169] [Server] E:\TG1\NSI\Pokedex\ZMWSPortable\App\ZMWS\mySQL\bin\mysqld.exe (mysqld 8.0.21) initializing of server in progress as process 8112
2023-01-03T09:31:16.696993Z 0 [ERROR] [MY-010457] [Server] --initialize specified but the data directory has files in it. Aborting.
2023-01-03T09:31:16.717158Z 0 [ERROR] [MY-013236] [Server] The designated data directory E:\TG1\NSI\Pokedex\ZMWSPortable\App\ZMWS\mySQL\data\ is unusable. You can remove all files that the server added to it.
2023-01-03T09:31:16.722513Z 0 [ERROR] [MY-010119] [Server] Aborting
2023-01-03T09:31:16.723110Z 0 [System] [MY-010910] [Server] E:\TG1\NSI\Pokedex\ZMWSPortable\App\ZMWS\mySQL\bin\mysqld.exe: Shutdown complete (mysqld 8.0.21)  MySQL Community Server - GPL.
